[2025-02-28 16:24:48] DEBUG | root - string: "qxfcsmh", encoded string: '\"qxfcsmh\"' len: 13
[2025-02-28 16:24:48] DEBUG | root - string: "ffsfyxbyuhqkpwatkjgudo", encoded string: '\"ffsfyxbyuhqkpwatkjgudo\"' len: 28
[2025-02-28 16:24:48] DEBUG | root - string: "byc\x9dyxuafof\\\xa6uf\\axfozomj\\olh\x6a", encoded string: '\"byc\\x9dyxuafof\\\\\\xa6uf\\\\axfozomj\\\\olh\\x6a\"' len: 56
[2025-02-28 16:24:48] DEBUG | root - string: "jtqvz", encoded string: '\"jtqvz\"' len: 11
[2025-02-28 16:24:48] DEBUG | root - string: "uzezxa\"jgbmojtwyfbfguz", encoded string: '\"uzezxa\\\"jgbmojtwyfbfguz\"' len: 31
[2025-02-28 16:24:48] DEBUG | root - string: "vqsremfk\x8fxiknektafj", encoded string: '\"vqsremfk\\x8fxiknektafj\"' len: 29
[2025-02-28 16:24:48] DEBUG | root - string: "wzntebpxnnt\"vqndz\"i\x47vvjqo\"", encoded string: '\"wzntebpxnnt\\\"vqndz\\\"i\\x47vvjqo\\\"\"' len: 45
[2025-02-28 16:24:48] DEBUG | root - string: "higvez\"k\"riewqk", encoded string: '\"higvez\\\"k\\\"riewqk\"' len: 27
[2025-02-28 16:24:48] DEBUG | root - string: "dlkrbhbrlfrp\\damiauyucwhty", encoded string: '\"dlkrbhbrlfrp\\\\damiauyucwhty\"' len: 35
[2025-02-28 16:24:48] DEBUG | root - string: "d\"", encoded string: '\"d\\\"\"' len: 11
[2025-02-28 16:24:48] DEBUG | root - string: "qlz", encoded string: '\"qlz\"' len: 9
[2025-02-28 16:24:48] DEBUG | root - string: "ku", encoded string: '\"ku\"' len: 8
[2025-02-28 16:24:48] DEBUG | root - string: "yy\"\"uoao\"uripabop", encoded string: '\"yy\\\"\\\"uoao\\\"uripabop\"' len: 32
[2025-02-28 16:24:48] DEBUG | root - string: "saduyrntuswlnlkuppdro\\sicxosted", encoded string: '\"saduyrntuswlnlkuppdro\\\\sicxosted\"' len: 40
[2025-02-28 16:24:48] DEBUG | root - string: "tj", encoded string: '\"tj\"' len: 8
[2025-02-28 16:24:48] DEBUG | root - string: "zzphopswlwdhebwkxeurvizdv", encoded string: '\"zzphopswlwdhebwkxeurvizdv\"' len: 31
[2025-02-28 16:24:48] DEBUG | root - string: "xfoheirjoakrpofles\"nfu", encoded string: '\"xfoheirjoakrpofles\\\"nfu\"' len: 31
[2025-02-28 16:24:48] DEBUG | root - string: "q\xb7oh\"p\xce\"n", encoded string: '\"q\\xb7oh\\\"p\\xce\\\"n\"' len: 29
[2025-02-28 16:24:48] DEBUG | root - string: "qeendp\"ercwgywdjeylxcv", encoded string: '\"qeendp\\\"ercwgywdjeylxcv\"' len: 31
[2025-02-28 16:24:48] DEBUG | root - string: "dcmem", encoded string: '\"dcmem\"' len: 11
[2025-02-28 16:24:48] DEBUG | root - string: "\"i\x13r\"l", encoded string: '\"\\\"i\\x13r\\\"l\"' len: 22
[2025-02-28 16:24:48] DEBUG | root - string: "ikso\xdcbvqnbrjduh\"uqudzki\xderwk", encoded string: '\"ikso\\xdcbvqnbrjduh\\\"uqudzki\\xderwk\"' len: 44
[2025-02-28 16:24:48] DEBUG | root - string: "wfdsn", encoded string: '\"wfdsn\"' len: 11
[2025-02-28 16:24:48] DEBUG | root - string: "pwynglklryhtsqbno", encoded string: '\"pwynglklryhtsqbno\"' len: 23
[2025-02-28 16:24:48] DEBUG | root - string: "hcoj\x63iccz\"v\"ttr", encoded string: '\"hcoj\\x63iccz\\\"v\\\"ttr\"' len: 31
[2025-02-28 16:24:48] DEBUG | root - string: "zf\x23\\hlj\\kkce\\d\\asy\"yyfestwcdxyfj", encoded string: '\"zf\\x23\\\\hlj\\\\kkce\\\\d\\\\asy\\\"yyfestwcdxyfj\"' len: 57
[2025-02-28 16:24:48] DEBUG | root - string: "xs", encoded string: '\"xs\"' len: 8
[2025-02-28 16:24:48] DEBUG | root - string: "m\"tvltapxdvtrxiy", encoded string: '\"m\\\"tvltapxdvtrxiy\"' len: 25
[2025-02-28 16:24:48] DEBUG | root - string: "bmud", encoded string: '\"bmud\"' len: 10
[2025-02-28 16:24:48] DEBUG | root - string: "k\"a", encoded string: '\"k\\\"a\"' len: 12
[2025-02-28 16:24:48] DEBUG | root - string: "b\"oas", encoded string: '\"b\\\"oas\"' len: 14
[2025-02-28 16:24:48] DEBUG | root - string: "\"yexnjjupoqsxyqnquy\"uzfdvetqrc", encoded string: '\"\\\"yexnjjupoqsxyqnquy\\\"uzfdvetqrc\"' len: 42
[2025-02-28 16:24:48] DEBUG | root - string: "vdw\xe3olxfgujaj", encoded string: '\"vdw\\xe3olxfgujaj\"' len: 23
[2025-02-28 16:24:48] DEBUG | root - string: "qomcxdnd\"\\cfoe\"", encoded string: '\"qomcxdnd\\\"\\\\cfoe\\\"\"' len: 30
[2025-02-28 16:24:48] DEBUG | root - string: "fpul", encoded string: '\"fpul\"' len: 10
[2025-02-28 16:24:48] DEBUG | root - string: "m\"avamefphkpv", encoded string: '\"m\\\"avamefphkpv\"' len: 22
[2025-02-28 16:24:48] DEBUG | root - string: "vvdnb\\x\\uhnxfw\"dpubfkxfmeuhnxisd", encoded string: '\"vvdnb\\\\x\\\\uhnxfw\\\"dpubfkxfmeuhnxisd\"' len: 47
[2025-02-28 16:24:48] DEBUG | root - string: "hey\\", encoded string: '\"hey\\\\\"' len: 13
[2025-02-28 16:24:48] DEBUG | root - string: "ldaeigghlfey", encoded string: '\"ldaeigghlfey\"' len: 18
[2025-02-28 16:24:48] DEBUG | root - string: "eure\"hoy\xa5iezjp\\tm", encoded string: '\"eure\\\"hoy\\xa5iezjp\\\\tm\"' len: 33
[2025-02-28 16:24:48] DEBUG | root - string: "yygb\"twbj\\r\"\x10gmxuhmp\"", encoded string: '\"yygb\\\"twbj\\\\r\\\"\\x10gmxuhmp\\\"\"' len: 43
[2025-02-28 16:24:48] DEBUG | root - string: "weirebp\x39mqonbtmfmd", encoded string: '\"weirebp\\x39mqonbtmfmd\"' len: 28
[2025-02-28 16:24:48] DEBUG | root - string: "ltuz\\hs\"e", encoded string: '\"ltuz\\\\hs\\\"e\"' len: 21
[2025-02-28 16:24:48] DEBUG | root - string: "ysvmpc", encoded string: '\"ysvmpc\"' len: 12
[2025-02-28 16:24:48] DEBUG | root - string: "g\x8amjtt\"megl\"omsaihifwa", encoded string: '\"g\\x8amjtt\\\"megl\\\"omsaihifwa\"' len: 38
[2025-02-28 16:24:48] DEBUG | root - string: "yimmm", encoded string: '\"yimmm\"' len: 11
[2025-02-28 16:24:48] DEBUG | root - string: "iiyqfalh", encoded string: '\"iiyqfalh\"' len: 14
[2025-02-28 16:24:48] DEBUG | root - string: "cwknlaaf", encoded string: '\"cwknlaaf\"' len: 14
[2025-02-28 16:24:48] DEBUG | root - string: "q\x37feg\xc6s\"xx", encoded string: '\"q\\x37feg\\xc6s\\\"xx\"' len: 27
[2025-02-28 16:24:48] DEBUG | root - string: "uayrgeurgyp\\oi", encoded string: '\"uayrgeurgyp\\\\oi\"' len: 23
[2025-02-28 16:24:48] DEBUG | root - string: "xhug\"pt\"axugllbdiggzhvy", encoded string: '\"xhug\\\"pt\\\"axugllbdiggzhvy\"' len: 35
[2025-02-28 16:24:48] DEBUG | root - string: "kdaarqmsjfx\xc3d", encoded string: '\"kdaarqmsjfx\\xc3d\"' len: 23
[2025-02-28 16:24:48] DEBUG | root - string: "\"vkwla", encoded string: '\"\\\"vkwla\"' len: 15
[2025-02-28 16:24:48] DEBUG | root - string: "d\"", encoded string: '\"d\\\"\"' len: 11
[2025-02-28 16:24:48] DEBUG | root - string: "tmroz\"bvfinxoe\\mum\"wmm", encoded string: '\"tmroz\\\"bvfinxoe\\\\mum\\\"wmm\"' len: 37
[2025-02-28 16:24:48] DEBUG | root - string: "\"n\"bbswxne\\p\\yr\"qhwpdd", encoded string: '\"\\\"n\\\"bbswxne\\\\p\\\\yr\\\"qhwpdd\"' len: 43
[2025-02-28 16:24:48] DEBUG | root - string: "skzlkietklkqovjhvj\xfe", encoded string: '\"skzlkietklkqovjhvj\\xfe\"' len: 29
[2025-02-28 16:24:48] DEBUG | root - string: "pbg\\pab\"bubqaf\"obzcwxwywbs\\dhtq", encoded string: '\"pbg\\\\pab\\\"bubqaf\\\"obzcwxwywbs\\\\dhtq\"' len: 49
[2025-02-28 16:24:48] DEBUG | root - string: "xxjidvqh\"lx\\wu\"ij", encoded string: '\"xxjidvqh\\\"lx\\\\wu\\\"ij\"' len: 32
[2025-02-28 16:24:48] DEBUG | root - string: "daef\x5fe\x5b\\kbeeb\x13qnydtboof", encoded string: '\"daef\\x5fe\\x5b\\\\kbeeb\\x13qnydtboof\"' len: 44
[2025-02-28 16:24:48] DEBUG | root - string: "ogvazaqy\"j\x73", encoded string: '\"ogvazaqy\\\"j\\x73\"' len: 24
[2025-02-28 16:24:48] DEBUG | root - string: "y", encoded string: '\"y\"' len: 7
[2025-02-28 16:24:48] DEBUG | root - string: "n\"tibetedldy\\gsamm\"nwu", encoded string: '\"n\\\"tibetedldy\\\\gsamm\\\"nwu\"' len: 37
[2025-02-28 16:24:48] DEBUG | root - string: "wldkvgdtqulwkad", encoded string: '\"wldkvgdtqulwkad\"' len: 21
[2025-02-28 16:24:48] DEBUG | root - string: "dpmxnj", encoded string: '\"dpmxnj\"' len: 12
[2025-02-28 16:24:48] DEBUG | root - string: "twybw\"cdvf\"mjdajurokbce", encoded string: '\"twybw\\\"cdvf\\\"mjdajurokbce\"' len: 35
[2025-02-28 16:24:48] DEBUG | root - string: "ru\"\\lasij\"i", encoded string: '\"ru\\\"\\\\lasij\\\"i\"' len: 26
[2025-02-28 16:24:48] DEBUG | root - string: "roc\\vra\\lhrm", encoded string: '\"roc\\\\vra\\\\lhrm\"' len: 24
[2025-02-28 16:24:48] DEBUG | root - string: "pbkt\x60booz\"fjlkc", encoded string: '\"pbkt\\x60booz\\\"fjlkc\"' len: 28
[2025-02-28 16:24:48] DEBUG | root - string: "j\x4dytvjwrzt", encoded string: '\"j\\x4dytvjwrzt\"' len: 20
[2025-02-28 16:24:48] DEBUG | root - string: "\\uiwjkniumxcs", encoded string: '\"\\\\uiwjkniumxcs\"' len: 22
[2025-02-28 16:24:48] DEBUG | root - string: "cbhm\"nexccior\"v\"j\"nazxilmfp\x47", encoded string: '\"cbhm\\\"nexccior\\\"v\\\"j\\\"nazxilmfp\\x47\"' len: 50
[2025-02-28 16:24:48] DEBUG | root - string: "qdxngevzrlgoq", encoded string: '\"qdxngevzrlgoq\"' len: 19
[2025-02-28 16:24:48] DEBUG | root - string: "\"lrzxftytpobsdfyrtdqpjbpuwmm\x9e", encoded string: '\"\\\"lrzxftytpobsdfyrtdqpjbpuwmm\\x9e\"' len: 42
[2025-02-28 16:24:48] DEBUG | root - string: "mdag\x0asnck\xc2ggj\"slb\"fjy", encoded string: '\"mdag\\x0asnck\\xc2ggj\\\"slb\\\"fjy\"' len: 41
[2025-02-28 16:24:48] DEBUG | root - string: "wyqkhjuazdtcgkcxvjkpnjdae", encoded string: '\"wyqkhjuazdtcgkcxvjkpnjdae\"' len: 31
[2025-02-28 16:24:48] DEBUG | root - string: "aixfk\xc0iom\x21vueob", encoded string: '\"aixfk\\xc0iom\\x21vueob\"' len: 29
[2025-02-28 16:24:48] DEBUG | root - string: "dkiiakyjpkffqlluhaetires", encoded string: '\"dkiiakyjpkffqlluhaetires\"' len: 30
[2025-02-28 16:24:48] DEBUG | root - string: "ysspv\"lysgkvnmwbbsy", encoded string: '\"ysspv\\\"lysgkvnmwbbsy\"' len: 28
[2025-02-28 16:24:48] DEBUG | root - string: "gy\"ryexcjjxdm\"xswssgtr", encoded string: '\"gy\\\"ryexcjjxdm\\\"xswssgtr\"' len: 34
[2025-02-28 16:24:48] DEBUG | root - string: "s", encoded string: '\"s\"' len: 7
[2025-02-28 16:24:48] DEBUG | root - string: "ddxv", encoded string: '\"ddxv\"' len: 10
[2025-02-28 16:24:48] DEBUG | root - string: "qwt\"\x27puilb\"pslmbrsxhrz", encoded string: '\"qwt\\\"\\x27puilb\\\"pslmbrsxhrz\"' len: 38
[2025-02-28 16:24:48] DEBUG | root - string: "qdg\xc9e\\qwtknlvkol\x54oqvmchn\\", encoded string: '\"qdg\\xc9e\\\\qwtknlvkol\\x54oqvmchn\\\\\"' len: 45
[2025-02-28 16:24:48] DEBUG | root - string: "lvo", encoded string: '\"lvo\"' len: 9
[2025-02-28 16:24:48] DEBUG | root - string: "b", encoded string: '\"b\"' len: 7
[2025-02-28 16:24:48] DEBUG | root - string: "fk\"aa\"\"yenwch\\\\on", encoded string: '\"fk\\\"aa\\\"\\\"yenwch\\\\\\\\on\"' len: 38
[2025-02-28 16:24:48] DEBUG | root - string: "srig\x63hpwaavs\\\x80qzk\"xa\"\xe6u\\wr", encoded string: '\"srig\\x63hpwaavs\\\\\\x80qzk\\\"xa\\\"\\xe6u\\\\wr\"' len: 56
[2025-02-28 16:24:48] DEBUG | root - string: "yxjxuj\"ghyhhxfj\"\xa6qvatre", encoded string: '\"yxjxuj\\\"ghyhhxfj\\\"\\xa6qvatre\"' len: 39
[2025-02-28 16:24:48] DEBUG | root - string: "yoktqxjxkzrklkoeroil", encoded string: '\"yoktqxjxkzrklkoeroil\"' len: 26
[2025-02-28 16:24:48] DEBUG | root - string: "\"jfmik\"", encoded string: '\"\\\"jfmik\\\"\"' len: 19
[2025-02-28 16:24:48] DEBUG | root - string: "smgseztzdwldikbqrh\"", encoded string: '\"smgseztzdwldikbqrh\\\"\"' len: 28
[2025-02-28 16:24:48] DEBUG | root - string: "jftahgctf\"hoqy", encoded string: '\"jftahgctf\\\"hoqy\"' len: 23
[2025-02-28 16:24:48] DEBUG | root - string: "tcnhicr\"znpgckt\"ble", encoded string: '\"tcnhicr\\\"znpgckt\\\"ble\"' len: 31
[2025-02-28 16:24:48] DEBUG | root - string: "vqktnkodh\"lo\"a\\bkmdjqqnsqr", encoded string: '\"vqktnkodh\\\"lo\\\"a\\\\bkmdjqqnsqr\"' len: 41
[2025-02-28 16:24:48] DEBUG | root - string: "ztnirfzqq", encoded string: '\"ztnirfzqq\"' len: 15
[2025-02-28 16:24:48] DEBUG | root - string: "s", encoded string: '\"s\"' len: 7
[2025-02-28 16:24:48] DEBUG | root - string: "xx", encoded string: '\"xx\"' len: 8
[2025-02-28 16:24:48] DEBUG | root - string: "iqj\"y\\hqgzflwrdsusasekyrxbp\\ad", encoded string: '\"iqj\\\"y\\\\hqgzflwrdsusasekyrxbp\\\\ad\"' len: 45
[2025-02-28 16:24:48] DEBUG | root - string: "\\xzjhlaiynkioz\"\"bxepzimvgwt", encoded string: '\"\\\\xzjhlaiynkioz\\\"\\\"bxepzimvgwt\"' len: 42
[2025-02-28 16:24:48] DEBUG | root - string: "s\x36rbw", encoded string: '\"s\\x36rbw\"' len: 15
[2025-02-28 16:24:48] DEBUG | root - string: "mniieztwrisvdx", encoded string: '\"mniieztwrisvdx\"' len: 20
[2025-02-28 16:24:48] DEBUG | root - string: "atyfxioy\x2b\\", encoded string: '\"atyfxioy\\x2b\\\\\"' len: 23
[2025-02-28 16:24:48] DEBUG | root - string: "irde\x85\x5cvbah\\jekw\"ia", encoded string: '\"irde\\x85\\x5cvbah\\\\jekw\\\"ia\"' len: 38
[2025-02-28 16:24:48] DEBUG | root - string: "bdmftlhkwrprmpat\"prfaocvp", encoded string: '\"bdmftlhkwrprmpat\\\"prfaocvp\"' len: 34
[2025-02-28 16:24:48] DEBUG | root - string: "w\\k", encoded string: '\"w\\\\k\"' len: 12
[2025-02-28 16:24:48] DEBUG | root - string: "umbpausy", encoded string: '\"umbpausy\"' len: 14
[2025-02-28 16:24:48] DEBUG | root - string: "zfauhpsangy", encoded string: '\"zfauhpsangy\"' len: 17
[2025-02-28 16:24:48] DEBUG | root - string: "p\"zqyw", encoded string: '\"p\\\"zqyw\"' len: 15
[2025-02-28 16:24:48] DEBUG | root - string: "wtztypyqvnnxzvlvipnq\"zu", encoded string: '\"wtztypyqvnnxzvlvipnq\\\"zu\"' len: 32
[2025-02-28 16:24:48] DEBUG | root - string: "deicgwq\\oqvajpbov\\or\"kgplwu", encoded string: '\"deicgwq\\\\oqvajpbov\\\\or\\\"kgplwu\"' len: 42
[2025-02-28 16:24:48] DEBUG | root - string: "mbzlfgpi\\\\zqcidjpzqdzxityxa", encoded string: '\"mbzlfgpi\\\\\\\\zqcidjpzqdzxityxa\"' len: 39
[2025-02-28 16:24:48] DEBUG | root - string: "lfkxvhma", encoded string: '\"lfkxvhma\"' len: 14
[2025-02-28 16:24:48] DEBUG | root - string: "\xf2yduqzqr\"\\fak\"p\"n", encoded string: '\"\\xf2yduqzqr\\\"\\\\fak\\\"p\\\"n\"' len: 39
[2025-02-28 16:24:48] DEBUG | root - string: "mpajacfuxotonpadvng", encoded string: '\"mpajacfuxotonpadvng\"' len: 25
[2025-02-28 16:24:48] DEBUG | root - string: "anb\\telzvcdu\\a\xf2flfq", encoded string: '\"anb\\\\telzvcdu\\\\a\\xf2flfq\"' len: 35
[2025-02-28 16:24:48] DEBUG | root - string: "lrs\"ebethwpmuuc\"\x86ygr", encoded string: '\"lrs\\\"ebethwpmuuc\\\"\\x86ygr\"' len: 36
[2025-02-28 16:24:48] DEBUG | root - string: "qmvdbhtumzc\"ci", encoded string: '\"qmvdbhtumzc\\\"ci\"' len: 23
[2025-02-28 16:24:48] DEBUG | root - string: "meet", encoded string: '\"meet\"' len: 10
[2025-02-28 16:24:48] DEBUG | root - string: "yopg\x0fdxdq\"h\\ugsu\xffmolxjv", encoded string: '\"yopg\\x0fdxdq\\\"h\\\\ugsu\\xffmolxjv\"' len: 43
[2025-02-28 16:24:48] DEBUG | root - string: "uhy", encoded string: '\"uhy\"' len: 9
[2025-02-28 16:24:48] DEBUG | root - string: "fzgidrtzycsireghazscvmwcfmw\\t", encoded string: '\"fzgidrtzycsireghazscvmwcfmw\\\\t\"' len: 38
[2025-02-28 16:24:48] DEBUG | root - string: "cqohkhpgvpru", encoded string: '\"cqohkhpgvpru\"' len: 18
[2025-02-28 16:24:48] DEBUG | root - string: "bihyigtnvmevx\"xx", encoded string: '\"bihyigtnvmevx\\\"xx\"' len: 25
[2025-02-28 16:24:48] DEBUG | root - string: "xz", encoded string: '\"xz\"' len: 8
[2025-02-28 16:24:48] DEBUG | root - string: "zofomwotzuxsjk\"q\"mc\"js\"dnmalhxd", encoded string: '\"zofomwotzuxsjk\\\"q\\\"mc\\\"js\\\"dnmalhxd\"' len: 49
[2025-02-28 16:24:48] DEBUG | root - string: "\\ktnddux\\fqvt\"ibnjntjcbn", encoded string: '\"\\\\ktnddux\\\\fqvt\\\"ibnjntjcbn\"' len: 39
[2025-02-28 16:24:48] DEBUG | root - string: "ia", encoded string: '\"ia\"' len: 8
[2025-02-28 16:24:48] DEBUG | root - string: "htjadnefwetyp\xd5kbrwfycbyy", encoded string: '\"htjadnefwetyp\\xd5kbrwfycbyy\"' len: 34
[2025-02-28 16:24:48] DEBUG | root - string: "\"\\hkuxqddnao", encoded string: '\"\\\"\\\\hkuxqddnao\"' len: 24
[2025-02-28 16:24:48] DEBUG | root - string: "meqqsz\x83luecpgaem", encoded string: '\"meqqsz\\x83luecpgaem\"' len: 26
[2025-02-28 16:24:48] DEBUG | root - string: "cvks\x87frvxo\"svqivqsdpgwhukmju", encoded string: '\"cvks\\x87frvxo\\\"svqivqsdpgwhukmju\"' len: 41
[2025-02-28 16:24:48] DEBUG | root - string: "sgmxiai\\o\"riufxwjfigr\xdf", encoded string: '\"sgmxiai\\\\o\\\"riufxwjfigr\\xdf\"' len: 38
[2025-02-28 16:24:48] DEBUG | root - string: "fgywdfecqufccpcdn", encoded string: '\"fgywdfecqufccpcdn\"' len: 23
[2025-02-28 16:24:48] DEBUG | root - string: "faghjoq\x28abxnpxj", encoded string: '\"faghjoq\\x28abxnpxj\"' len: 25
[2025-02-28 16:24:48] DEBUG | root - string: "zuppgzcfb\"dctvp\"elup\"zxkopx", encoded string: '\"zuppgzcfb\\\"dctvp\\\"elup\\\"zxkopx\"' len: 42
[2025-02-28 16:24:48] DEBUG | root - string: "xqs\x45xxdqcihbwghmzoa", encoded string: '\"xqs\\x45xxdqcihbwghmzoa\"' len: 29
[2025-02-28 16:24:48] DEBUG | root - string: "anbnlp\\cgcvm\"hc", encoded string: '\"anbnlp\\\\cgcvm\\\"hc\"' len: 27
[2025-02-28 16:24:48] DEBUG | root - string: "xf\"fgrngwzys", encoded string: '\"xf\\\"fgrngwzys\"' len: 21
[2025-02-28 16:24:48] DEBUG | root - string: "nrxsjduedcy\x24", encoded string: '\"nrxsjduedcy\\x24\"' len: 22
[2025-02-28 16:24:48] DEBUG | root - string: "\x71sxl\"gj\"sds\"ulcruguz\\t\\ssvjcwhi", encoded string: '\"\\x71sxl\\\"gj\\\"sds\\\"ulcruguz\\\\t\\\\ssvjcwhi\"' len: 56
[2025-02-28 16:24:48] DEBUG | root - string: "jhj\"msch", encoded string: '\"jhj\\\"msch\"' len: 17
[2025-02-28 16:24:48] DEBUG | root - string: "qpovolktfwyiuyicbfeeju\x01", encoded string: '\"qpovolktfwyiuyicbfeeju\\x01\"' len: 33
[2025-02-28 16:24:48] DEBUG | root - string: "nkyxmb\"qyqultgt\"nmvzvvnxnb", encoded string: '\"nkyxmb\\\"qyqultgt\\\"nmvzvvnxnb\"' len: 38
[2025-02-28 16:24:48] DEBUG | root - string: "ycsrkbstgzqb\"uv\\cisn", encoded string: '\"ycsrkbstgzqb\\\"uv\\\\cisn\"' len: 32
[2025-02-28 16:24:48] DEBUG | root - string: "s", encoded string: '\"s\"' len: 7
[2025-02-28 16:24:48] DEBUG | root - string: "ueptjnn\"\"sh", encoded string: '\"ueptjnn\\\"\\\"sh\"' len: 23
[2025-02-28 16:24:48] DEBUG | root - string: "lp\"z\"d\"mxtxiy", encoded string: '\"lp\\\"z\\\"d\\\"mxtxiy\"' len: 28
[2025-02-28 16:24:48] DEBUG | root - string: "yzjtvockdnvbubqabjourf\"k\"uoxwle", encoded string: '\"yzjtvockdnvbubqabjourf\\\"k\\\"uoxwle\"' len: 43
[2025-02-28 16:24:48] DEBUG | root - string: "\x82\"wqm\"", encoded string: '\"\\x82\\\"wqm\\\"\"' len: 22
[2025-02-28 16:24:48] DEBUG | root - string: "\xb5cwtuks\x5fpgh", encoded string: '\"\\xb5cwtuks\\x5fpgh\"' len: 25
[2025-02-28 16:24:48] DEBUG | root - string: "wd", encoded string: '\"wd\"' len: 8
[2025-02-28 16:24:48] DEBUG | root - string: "tbvf", encoded string: '\"tbvf\"' len: 10
[2025-02-28 16:24:48] DEBUG | root - string: "ttbmzdgn", encoded string: '\"ttbmzdgn\"' len: 14
[2025-02-28 16:24:48] DEBUG | root - string: "vfpiyfdejyrlbgcdtwzbnm", encoded string: '\"vfpiyfdejyrlbgcdtwzbnm\"' len: 28
[2025-02-28 16:24:48] DEBUG | root - string: "uc", encoded string: '\"uc\"' len: 8
[2025-02-28 16:24:48] DEBUG | root - string: "otdcmhpjagqix", encoded string: '\"otdcmhpjagqix\"' len: 19
[2025-02-28 16:24:48] DEBUG | root - string: "\\\xb1qso\"s", encoded string: '\"\\\\\\xb1qso\\\"s\"' len: 23
[2025-02-28 16:24:48] DEBUG | root - string: "scowax", encoded string: '\"scowax\"' len: 12
[2025-02-28 16:24:48] DEBUG | root - string: "behpstjdh\xccqlgnqjyz\"eesn", encoded string: '\"behpstjdh\\xccqlgnqjyz\\\"eesn\"' len: 36
[2025-02-28 16:24:48] DEBUG | root - string: "r\xe1cbnjwzveoomkzlo\\kxlfouhm", encoded string: '\"r\\xe1cbnjwzveoomkzlo\\\\kxlfouhm\"' len: 39
[2025-02-28 16:24:48] DEBUG | root - string: "jgrl", encoded string: '\"jgrl\"' len: 10
[2025-02-28 16:24:48] DEBUG | root - string: "kzqs\\r", encoded string: '\"kzqs\\\\r\"' len: 15
[2025-02-28 16:24:48] DEBUG | root - string: "ctscb\x7fthwkdyko\"\x62pkf\"d\xe6knmhurg", encoded string: '\"ctscb\\x7fthwkdyko\\\"\\x62pkf\\\"d\\xe6knmhurg\"' len: 53
[2025-02-28 16:24:48] DEBUG | root - string: "tc\"kw\x3ftt", encoded string: '\"tc\\\"kw\\x3ftt\"' len: 21
[2025-02-28 16:24:48] DEBUG | root - string: "bxb\x5ccl", encoded string: '\"bxb\\x5ccl\"' len: 16
[2025-02-28 16:24:48] DEBUG | root - string: "jyrmfbphsldwpq", encoded string: '\"jyrmfbphsldwpq\"' len: 20
[2025-02-28 16:24:48] DEBUG | root - string: "jylpvysl\"\"juducjg", encoded string: '\"jylpvysl\\\"\\\"juducjg\"' len: 29
[2025-02-28 16:24:48] DEBUG | root - string: "en\\m\"kxpq\"wpb\\\"", encoded string: '\"en\\\\m\\\"kxpq\\\"wpb\\\\\\\"\"' len: 36
[2025-02-28 16:24:48] DEBUG | root - string: "madouht\"bmdwvnyqvpnawiphgac\"", encoded string: '\"madouht\\\"bmdwvnyqvpnawiphgac\\\"\"' len: 40
[2025-02-28 16:24:48] DEBUG | root - string: "vuxpk\"ltucrw", encoded string: '\"vuxpk\\\"ltucrw\"' len: 21
[2025-02-28 16:24:48] DEBUG | root - string: "aae\x60arr", encoded string: '\"aae\\x60arr\"' len: 17
[2025-02-28 16:24:48] DEBUG | root - string: "ttitnne\"kilkrgssnr\xfdurzh", encoded string: '\"ttitnne\\\"kilkrgssnr\\xfdurzh\"' len: 36
[2025-02-28 16:24:48] DEBUG | root - string: "oalw", encoded string: '\"oalw\"' len: 10
[2025-02-28 16:24:48] DEBUG | root - string: "pc\"\"gktkdykzbdpkwigucqni\"nxiqx", encoded string: '\"pc\\\"\\\"gktkdykzbdpkwigucqni\\\"nxiqx\"' len: 45
[2025-02-28 16:24:48] DEBUG | root - string: "dbrsaj", encoded string: '\"dbrsaj\"' len: 12
[2025-02-28 16:24:48] DEBUG | root - string: "bgzsowyxcbrvhtvekhsh\"qgd", encoded string: '\"bgzsowyxcbrvhtvekhsh\\\"qgd\"' len: 33
[2025-02-28 16:24:48] DEBUG | root - string: "kudfemvk\"\"\"hkbrbil\"chkqoa", encoded string: '\"kudfemvk\\\"\\\"\\\"hkbrbil\\\"chkqoa\"' len: 43
[2025-02-28 16:24:48] DEBUG | root - string: "zjzgj\\ekbhyfzufy", encoded string: '\"zjzgj\\\\ekbhyfzufy\"' len: 25
[2025-02-28 16:24:48] DEBUG | root - string: "\\acos\"fqekuxqzxbmkbnn\x1ejzwrm", encoded string: '\"\\\\acos\\\"fqekuxqzxbmkbnn\\x1ejzwrm\"' len: 43
[2025-02-28 16:24:48] DEBUG | root - string: "elxahvudn\"txtmomotgw", encoded string: '\"elxahvudn\\\"txtmomotgw\"' len: 29
[2025-02-28 16:24:48] DEBUG | root - string: "\x2eoxmwdhelpr\"cgi\xf7pzvb", encoded string: '\"\\x2eoxmwdhelpr\\\"cgi\\xf7pzvb\"' len: 37
[2025-02-28 16:24:48] DEBUG | root - string: "eapheklx", encoded string: '\"eapheklx\"' len: 14
[2025-02-28 16:24:48] DEBUG | root - string: "hfvma\"mietvc\"tszbbm\"czex", encoded string: '\"hfvma\\\"mietvc\\\"tszbbm\\\"czex\"' len: 39
[2025-02-28 16:24:48] DEBUG | root - string: "h\"iiockj\\\xc1et", encoded string: '\"h\\\"iiockj\\\\\\xc1et\"' len: 28
[2025-02-28 16:24:48] DEBUG | root - string: "d\"rmjjftm", encoded string: '\"d\\\"rmjjftm\"' len: 18
[2025-02-28 16:24:48] DEBUG | root - string: "qlvhdcbqtyrhlc\\", encoded string: '\"qlvhdcbqtyrhlc\\\\\"' len: 24
[2025-02-28 16:24:48] DEBUG | root - string: "yy\"rsucjtulm\"coryri\"eqjlbmk", encoded string: '\"yy\\\"rsucjtulm\\\"coryri\\\"eqjlbmk\"' len: 42
[2025-02-28 16:24:48] DEBUG | root - string: "tv", encoded string: '\"tv\"' len: 8
[2025-02-28 16:24:48] DEBUG | root - string: "r\"bfuht\\jjgujp\"", encoded string: '\"r\\\"bfuht\\\\jjgujp\\\"\"' len: 30
[2025-02-28 16:24:48] DEBUG | root - string: "kukxvuauamtdosngdjlkauylttaokaj", encoded string: '\"kukxvuauamtdosngdjlkauylttaokaj\"' len: 37
[2025-02-28 16:24:48] DEBUG | root - string: "srgost\"\"rbkcqtlccu\x65ohjptstrjkzy", encoded string: '\"srgost\\\"\\\"rbkcqtlccu\\x65ohjptstrjkzy\"' len: 47
[2025-02-28 16:24:48] DEBUG | root - string: "yxwxl\\yjilwwxffrjjuazmzjs", encoded string: '\"yxwxl\\\\yjilwwxffrjjuazmzjs\"' len: 34
[2025-02-28 16:24:48] DEBUG | root - string: "dxlw\\fkstu\"hjrtiafhyuoh\"sewabne", encoded string: '\"dxlw\\\\fkstu\\\"hjrtiafhyuoh\\\"sewabne\"' len: 46
[2025-02-28 16:24:48] DEBUG | root - string: "\x88sj\"v", encoded string: '\"\\x88sj\\\"v\"' len: 18
[2025-02-28 16:24:48] DEBUG | root - string: "rfzprz\xec\"oxqclu\"krzefp\\q", encoded string: '\"rfzprz\\xec\\\"oxqclu\\\"krzefp\\\\q\"' len: 42
[2025-02-28 16:24:48] DEBUG | root - string: "cfmhdbjuhrcymgxpylllyvpni", encoded string: '\"cfmhdbjuhrcymgxpylllyvpni\"' len: 31
[2025-02-28 16:24:48] DEBUG | root - string: "ucrmjvmimmcq\x88\xd9\"lz", encoded string: '\"ucrmjvmimmcq\\x88\\xd9\\\"lz\"' len: 34
[2025-02-28 16:24:48] DEBUG | root - string: "lujtt\"", encoded string: '\"lujtt\\\"\"' len: 15
[2025-02-28 16:24:48] DEBUG | root - string: "gvbqoixn\"pmledpjmo\"flydnwkfxllf", encoded string: '\"gvbqoixn\\\"pmledpjmo\\\"flydnwkfxllf\"' len: 43
[2025-02-28 16:24:48] DEBUG | root - string: "dvxqlbshhmelsk\x8big\"l", encoded string: '\"dvxqlbshhmelsk\\x8big\\\"l\"' len: 32
[2025-02-28 16:24:48] DEBUG | root - string: "mx\x54lma\x8bbguxejg", encoded string: '\"mx\\x54lma\\x8bbguxejg\"' len: 28
[2025-02-28 16:24:48] DEBUG | root - string: "\x66jdati\xeceieo", encoded string: '\"\\x66jdati\\xeceieo\"' len: 25
[2025-02-28 16:24:48] DEBUG | root - string: "\"iyyupixei\x54ff", encoded string: '\"\\\"iyyupixei\\x54ff\"' len: 26
[2025-02-28 16:24:48] DEBUG | root - string: "xohzf\"rbxsoksxamiu", encoded string: '\"xohzf\\\"rbxsoksxamiu\"' len: 27
[2025-02-28 16:24:48] DEBUG | root - string: "vlhthspeshzbppa\x4drhqnohjop\"\"mfjd", encoded string: '\"vlhthspeshzbppa\\x4drhqnohjop\\\"\\\"mfjd\"' len: 47
[2025-02-28 16:24:48] DEBUG | root - string: "f\"tvxxla\"vurian\"\"idjq\x3aptm\xc3olep", encoded string: '\"f\\\"tvxxla\\\"vurian\\\"\\\"idjq\\x3aptm\\xc3olep\"' len: 56
[2025-02-28 16:24:48] DEBUG | root - string: "gzqz", encoded string: '\"gzqz\"' len: 10
[2025-02-28 16:24:48] DEBUG | root - string: "kbq\\wogye\\altvi\\hbvmodny", encoded string: '\"kbq\\\\wogye\\\\altvi\\\\hbvmodny\"' len: 39
[2025-02-28 16:24:48] DEBUG | root - string: "j\xd8", encoded string: '\"j\\xd8\"' len: 12
[2025-02-28 16:24:48] DEBUG | root - string: "ofjozdhkblvndl", encoded string: '\"ofjozdhkblvndl\"' len: 20
[2025-02-28 16:24:48] DEBUG | root - string: "hbitoupimbawimxlxqze", encoded string: '\"hbitoupimbawimxlxqze\"' len: 26
[2025-02-28 16:24:48] DEBUG | root - string: "ypeleimnme", encoded string: '\"ypeleimnme\"' len: 16
[2025-02-28 16:24:48] DEBUG | root - string: "xfwdrzsc\\oxqamawyizvi\\y", encoded string: '\"xfwdrzsc\\\\oxqamawyizvi\\\\y\"' len: 35
[2025-02-28 16:24:48] DEBUG | root - string: "enoikppx\xa1ixe\"yo\"gumye", encoded string: '\"enoikppx\\xa1ixe\\\"yo\\\"gumye\"' len: 37
[2025-02-28 16:24:48] DEBUG | root - string: "fb", encoded string: '\"fb\"' len: 8
[2025-02-28 16:24:48] DEBUG | root - string: "vzf", encoded string: '\"vzf\"' len: 9
[2025-02-28 16:24:48] DEBUG | root - string: "zxidr", encoded string: '\"zxidr\"' len: 11
[2025-02-28 16:24:48] DEBUG | root - string: "cu\x31beirsywtskq", encoded string: '\"cu\\x31beirsywtskq\"' len: 24
[2025-02-28 16:24:48] DEBUG | root - string: "lxpjbvqzztafwezd", encoded string: '\"lxpjbvqzztafwezd\"' len: 22
[2025-02-28 16:24:48] DEBUG | root - string: "\\jyxeuo\x18bv", encoded string: '\"\\\\jyxeuo\\x18bv\"' len: 23
[2025-02-28 16:24:48] DEBUG | root - string: "b\"vawc\"p\\\\giern\"b", encoded string: '\"b\\\"vawc\\\"p\\\\\\\\giern\\\"b\"' len: 38
[2025-02-28 16:24:48] DEBUG | root - string: "odizunx\"\"t\\yicdn\"x\"sdiz", encoded string: '\"odizunx\\\"\\\"t\\\\yicdn\\\"x\\\"sdiz\"' len: 44
[2025-02-28 16:24:48] DEBUG | root - string: "\"\"tebrtsi", encoded string: '\"\\\"\\\"tebrtsi\"' len: 21
[2025-02-28 16:24:48] DEBUG | root - string: "ctyzsxv\xa6pegfkwsi\"tgyltaakytccb", encoded string: '\"ctyzsxv\\xa6pegfkwsi\\\"tgyltaakytccb\"' len: 43
[2025-02-28 16:24:48] DEBUG | root - string: "htxwbofchvmzbppycccliyik\xe5a", encoded string: '\"htxwbofchvmzbppycccliyik\\xe5a\"' len: 36
[2025-02-28 16:24:48] DEBUG | root - string: "ggsslefamsklezqkrd", encoded string: '\"ggsslefamsklezqkrd\"' len: 24
[2025-02-28 16:24:48] DEBUG | root - string: "rcep\"fnimwvvdx\"l", encoded string: '\"rcep\\\"fnimwvvdx\\\"l\"' len: 28
[2025-02-28 16:24:48] DEBUG | root - string: "zyrzlqmd\x12egvqs\\llqyie", encoded string: '\"zyrzlqmd\\x12egvqs\\\\llqyie\"' len: 34
[2025-02-28 16:24:48] DEBUG | root - string: "\x07gsqyrr\\rcyhyspsvn", encoded string: '\"\\x07gsqyrr\\\\rcyhyspsvn\"' len: 31
[2025-02-28 16:24:48] DEBUG | root - string: "butg\"", encoded string: '\"butg\\\"\"' len: 14
[2025-02-28 16:24:48] DEBUG | root - string: "gb", encoded string: '\"gb\"' len: 8
[2025-02-28 16:24:48] DEBUG | root - string: "gywkoxf\"jsg\\wtopxvumirqxlwz", encoded string: '\"gywkoxf\\\"jsg\\\\wtopxvumirqxlwz\"' len: 39
[2025-02-28 16:24:48] DEBUG | root - string: "rj\"ir\"wldwveair\x2es\"dhjrdehbqnzl", encoded string: '\"rj\\\"ir\\\"wldwveair\\x2es\\\"dhjrdehbqnzl\"' len: 49
[2025-02-28 16:24:48] DEBUG | root - string: "ru\"elktnsbxufk\\ejufjfjlevt\\lrzd", encoded string: '\"ru\\\"elktnsbxufk\\\\ejufjfjlevt\\\\lrzd\"' len: 46
[2025-02-28 16:24:48] DEBUG | root - string: "\"widsvok", encoded string: '\"\\\"widsvok\"' len: 17
[2025-02-28 16:24:48] DEBUG | root - string: "oy\"\x81nuesvw", encoded string: '\"oy\\\"\\x81nuesvw\"' len: 23
[2025-02-28 16:24:48] DEBUG | root - string: "ay", encoded string: '\"ay\"' len: 8
[2025-02-28 16:24:48] DEBUG | root - string: "syticfac\x1cfjsivwlmy\"pumsqlqqzx", encoded string: '\"syticfac\\x1cfjsivwlmy\\\"pumsqlqqzx\"' len: 42
[2025-02-28 16:24:48] DEBUG | root - string: "m", encoded string: '\"m\"' len: 7
[2025-02-28 16:24:48] DEBUG | root - string: "rjjkfh\x78cf\x2brgceg\"jmdyas\"\\xlv\xb6p", encoded string: '\"rjjkfh\\x78cf\\x2brgceg\\\"jmdyas\\\"\\\\xlv\\xb6p\"' len: 56
[2025-02-28 16:24:48] DEBUG | root - string: "tmuvo\"\x3ffdqdovjmdmkgpstotojkv\"as", encoded string: '\"tmuvo\\\"\\x3ffdqdovjmdmkgpstotojkv\\\"as\"' len: 47
[2025-02-28 16:24:48] DEBUG | root - string: "jd\\ojvynhxllfzzxvbn\"wrpphcvx", encoded string: '\"jd\\\\ojvynhxllfzzxvbn\\\"wrpphcvx\"' len: 40
[2025-02-28 16:24:48] DEBUG | root - string: "pz", encoded string: '\"pz\"' len: 8
[2025-02-28 16:24:48] DEBUG | root - string: "\"twr", encoded string: '\"\\\"twr\"' len: 13
[2025-02-28 16:24:48] DEBUG | root - string: "n\\hdzmxe\"mzjjeadlz", encoded string: '\"n\\\\hdzmxe\\\"mzjjeadlz\"' len: 30
[2025-02-28 16:24:48] DEBUG | root - string: "fb\"rprxuagvahjnri", encoded string: '\"fb\\\"rprxuagvahjnri\"' len: 26
[2025-02-28 16:24:48] DEBUG | root - string: "rfmexmjjgh\\xrnmyvnatrvfruflaqjnd", encoded string: '\"rfmexmjjgh\\\\xrnmyvnatrvfruflaqjnd\"' len: 41
[2025-02-28 16:24:48] DEBUG | root - string: "obbbde\"co\"qr\"qpiwjgqahqm\\jjp\"", encoded string: '\"obbbde\\\"co\\\"qr\\\"qpiwjgqahqm\\\\jjp\\\"\"' len: 50
[2025-02-28 16:24:48] DEBUG | root - string: "vpbq\"\"y\"czk\\b\x52ed\"lnzepobp", encoded string: '\"vpbq\\\"\\\"y\\\"czk\\\\b\\x52ed\\\"lnzepobp\"' len: 50
[2025-02-28 16:24:48] DEBUG | root - string: "syzeajzfarplydipny\"y\"\xe8ad", encoded string: '\"syzeajzfarplydipny\\\"y\\\"\\xe8ad\"' len: 40
[2025-02-28 16:24:48] DEBUG | root - string: "mpyodwb", encoded string: '\"mpyodwb\"' len: 13
[2025-02-28 16:24:48] DEBUG | root - string: "\x47rakphlqqptd", encoded string: '\"\\x47rakphlqqptd\"' len: 22
[2025-02-28 16:24:48] DEBUG | root - string: "wa\"oj\"aiy", encoded string: '\"wa\\\"oj\\\"aiy\"' len: 21
[2025-02-28 16:24:48] DEBUG | root - string: "a", encoded string: '\"a\"' len: 7
[2025-02-28 16:24:48] DEBUG | root - string: "ropozx", encoded string: '\"ropozx\"' len: 12
[2025-02-28 16:24:48] DEBUG | root - string: "q\x51nbtlwa", encoded string: '\"q\\x51nbtlwa\"' len: 18
[2025-02-28 16:24:48] DEBUG | root - string: "etukvgx\\jqxlkq", encoded string: '\"etukvgx\\\\jqxlkq\"' len: 23
[2025-02-28 16:24:48] DEBUG | root - string: "\"tp\"rah\"pg\"s\"bpdtes\\tkasdhqd", encoded string: '\"\\\"tp\\\"rah\\\"pg\\\"s\\\"bpdtes\\\\tkasdhqd\"' len: 52
[2025-02-28 16:24:48] DEBUG | root - string: "dn\"qqpkikadowssb\xcah\"dzpsf\\ect\"jdh", encoded string: '\"dn\\\"qqpkikadowssb\\xcah\\\"dzpsf\\\\ect\\\"jdh\"' len: 54
[2025-02-28 16:24:48] DEBUG | root - string: "pxunovbbrrn\\vullyn\"bno\"\"\"myfxlp\"", encoded string: '\"pxunovbbrrn\\\\vullyn\\\"bno\\\"\\\"\\\"myfxlp\\\"\"' len: 56
[2025-02-28 16:24:48] DEBUG | root - string: "qaixyazuryvkmoulhcqaotegfj\\mpzm", encoded string: '\"qaixyazuryvkmoulhcqaotegfj\\\\mpzm\"' len: 40
[2025-02-28 16:24:48] DEBUG | root - string: "bvfrbicutzbjwn\\oml\"cf\"d\"ezcpv\"j", encoded string: '\"bvfrbicutzbjwn\\\\oml\\\"cf\\\"d\\\"ezcpv\\\"j\"' len: 52
[2025-02-28 16:24:48] DEBUG | root - string: "rmbrdtneudemigdhelmb", encoded string: '\"rmbrdtneudemigdhelmb\"' len: 26
[2025-02-28 16:24:48] DEBUG | root - string: "aq\\aurmbhy", encoded string: '\"aq\\\\aurmbhy\"' len: 19
[2025-02-28 16:24:48] DEBUG | root - string: "wujqvzw", encoded string: '\"wujqvzw\"' len: 13
[2025-02-28 16:24:48] DEBUG | root - string: "gf\"tssmvm\"gm\"hu\x9a\xb7yjawsa", encoded string: '\"gf\\\"tssmvm\\\"gm\\\"hu\\x9a\\xb7yjawsa\"' len: 46
[2025-02-28 16:24:48] DEBUG | root - string: "hrhqqxow\xe2gsydtdspcfqy\"zw\\ou", encoded string: '\"hrhqqxow\\xe2gsydtdspcfqy\\\"zw\\\\ou\"' len: 43
[2025-02-28 16:24:48] DEBUG | root - string: "ianwwf\\yko\\tdujhhqdi", encoded string: '\"ianwwf\\\\yko\\\\tdujhhqdi\"' len: 32
[2025-02-28 16:24:48] DEBUG | root - string: "xylz\"zpvpab", encoded string: '\"xylz\\\"zpvpab\"' len: 20
[2025-02-28 16:24:48] DEBUG | root - string: "lwuopbeeegp", encoded string: '\"lwuopbeeegp\"' len: 17
[2025-02-28 16:24:48] DEBUG | root - string: "aoop\x49jhhcexdmdtun", encoded string: '\"aoop\\x49jhhcexdmdtun\"' len: 27
[2025-02-28 16:24:48] DEBUG | root - string: "\\\\mouqqcsgmz", encoded string: '\"\\\\\\\\mouqqcsgmz\"' len: 24
[2025-02-28 16:24:48] DEBUG | root - string: "tltuvwhveau\x43b\"ymxjlcgiymcynwt", encoded string: '\"tltuvwhveau\\x43b\\\"ymxjlcgiymcynwt\"' len: 42
[2025-02-28 16:24:48] DEBUG | root - string: "gsugerumpyuhtjljbhrdyoj", encoded string: '\"gsugerumpyuhtjljbhrdyoj\"' len: 29
[2025-02-28 16:24:48] DEBUG | root - string: "lnjm\xb8wg\"ajh", encoded string: '\"lnjm\\xb8wg\\\"ajh\"' len: 24
[2025-02-28 16:24:48] DEBUG | root - string: "zmspue\"nfttdon\\b\"eww", encoded string: '\"zmspue\\\"nfttdon\\\\b\\\"eww\"' len: 35
[2025-02-28 16:24:48] DEBUG | root - string: "\"w\x67jwaq\x7ernmyvs\\rmdsuwydsd\"th", encoded string: '\"\\\"w\\x67jwaq\\x7ernmyvs\\\\rmdsuwydsd\\\"th\"' len: 51
[2025-02-28 16:24:48] DEBUG | root - string: "ogtgvtlmcvgllyv", encoded string: '\"ogtgvtlmcvgllyv\"' len: 21
[2025-02-28 16:24:48] DEBUG | root - string: "z\"fqi\"rvddoehrciyl", encoded string: '\"z\\\"fqi\\\"rvddoehrciyl\"' len: 30
[2025-02-28 16:24:48] DEBUG | root - string: "yustxxtot\"muec\"xvfdbzunzvveq", encoded string: '\"yustxxtot\\\"muec\\\"xvfdbzunzvveq\"' len: 40
[2025-02-28 16:24:48] DEBUG | root - string: "mqslw", encoded string: '\"mqslw\"' len: 11
[2025-02-28 16:24:48] DEBUG | root - string: "txqnyvzmibqgjs\xb6xy\x86nfalfyx", encoded string: '\"txqnyvzmibqgjs\\xb6xy\\x86nfalfyx\"' len: 39
[2025-02-28 16:24:48] DEBUG | root - string: "kzhehlmkholov", encoded string: '\"kzhehlmkholov\"' len: 19
[2025-02-28 16:24:48] DEBUG | root - string: "plpmywcnirrjutjguosh\\", encoded string: '\"plpmywcnirrjutjguosh\\\\\"' len: 30
[2025-02-28 16:24:48] DEBUG | root - string: "pydbnqofv\"dn\\m", encoded string: '\"pydbnqofv\\\"dn\\\\m\"' len: 26
[2025-02-28 16:24:48] DEBUG | root - string: "aegqof", encoded string: '\"aegqof\"' len: 12
[2025-02-28 16:24:48] DEBUG | root - string: "eambmxt\\dxagoogl\\zapfwwlmk", encoded string: '\"eambmxt\\\\dxagoogl\\\\zapfwwlmk\"' len: 38
[2025-02-28 16:24:48] DEBUG | root - string: "afbmqitxxqhddlozuxcpjxgh", encoded string: '\"afbmqitxxqhddlozuxcpjxgh\"' len: 30
[2025-02-28 16:24:48] DEBUG | root - string: "vgts", encoded string: '\"vgts\"' len: 10
[2025-02-28 16:24:48] DEBUG | root - string: "bfdpqtoxzzhmzcilehnflna", encoded string: '\"bfdpqtoxzzhmzcilehnflna\"' len: 29
[2025-02-28 16:24:48] DEBUG | root - string: "s\"idpz", encoded string: '\"s\\\"idpz\"' len: 15
[2025-02-28 16:24:48] DEBUG | root - string: "\xcfhgly\"nlmztwybx\"ecezmsxaqw", encoded string: '\"\\xcfhgly\\\"nlmztwybx\\\"ecezmsxaqw\"' len: 42
[2025-02-28 16:24:48] DEBUG | root - string: "aackfgndqcqiy", encoded string: '\"aackfgndqcqiy\"' len: 19
[2025-02-28 16:24:48] DEBUG | root - string: "\x22unqdlsrvgzfaohoffgxzfpir\"s", encoded string: '\"\\x22unqdlsrvgzfaohoffgxzfpir\\\"s\"' len: 40
[2025-02-28 16:24:48] DEBUG | root - string: "abh\"ydv\"kbpdhrerl", encoded string: '\"abh\\\"ydv\\\"kbpdhrerl\"' len: 29
[2025-02-28 16:24:48] DEBUG | root - string: "bdzpg", encoded string: '\"bdzpg\"' len: 11
[2025-02-28 16:24:48] DEBUG | root - string: "ekwgkywtmzp", encoded string: '\"ekwgkywtmzp\"' len: 17
[2025-02-28 16:24:48] DEBUG | root - string: "wtoodejqmrrgslhvnk\"pi\"ldnogpth", encoded string: '\"wtoodejqmrrgslhvnk\\\"pi\\\"ldnogpth\"' len: 42
[2025-02-28 16:24:48] DEBUG | root - string: "njro\x68qgbx\xe4af\"\\suan", encoded string: '\"njro\\x68qgbx\\xe4af\\\"\\\\suan\"' len: 38
