[2025-02-23 16:32:14] DEBUG | root - Connecting c LSHIFT 1 -> t
[2025-02-23 16:32:14] DEBUG | root - Connecting b RSHIFT 1 -> v
[2025-02-23 16:32:14] DEBUG | root - Connecting b RSHIFT 5 -> f
[2025-02-23 16:32:14] DEBUG | root - Connecting b RSHIFT 2 -> d
[2025-02-23 16:32:14] DEBUG | root - Connecting b RSHIFT 3 -> e
[2025-02-23 16:32:14] DEBUG | root - Connecting e AND f -> h
[2025-02-23 16:32:14] DEBUG | root - Connecting NOT h -> i
[2025-02-23 16:32:14] DEBUG | root - Some lines are still ignored. Going through instructions with updated wire_dct now.
[2025-02-23 16:32:14] DEBUG | root - Connecting e OR f -> g
[2025-02-23 16:32:14] DEBUG | root - Some lines are still ignored. Going through instructions with updated wire_dct now.
[2025-02-23 16:32:14] DEBUG | root - Connecting g AND i -> j
[2025-02-23 16:32:14] DEBUG | root - Connecting d OR j -> k
[2025-02-23 16:32:14] DEBUG | root - Connecting d AND j -> l
[2025-02-23 16:32:14] DEBUG | root - Connecting NOT l -> m
[2025-02-23 16:32:14] DEBUG | root - Some lines are still ignored. Going through instructions with updated wire_dct now.
[2025-02-23 16:32:14] DEBUG | root - Connecting k AND m -> n
[2025-02-23 16:32:14] DEBUG | root - Connecting b AND n -> p
[2025-02-23 16:32:14] DEBUG | root - Connecting NOT p -> q
[2025-02-23 16:32:14] DEBUG | root - Some lines are still ignored. Going through instructions with updated wire_dct now.
[2025-02-23 16:32:14] DEBUG | root - Connecting b OR n -> o
[2025-02-23 16:32:14] DEBUG | root - Connecting o AND q -> r
[2025-02-23 16:32:14] DEBUG | root - Some lines are still ignored. Going through instructions with updated wire_dct now.
[2025-02-23 16:32:14] DEBUG | root - Connecting 1 AND r -> s
[2025-02-23 16:32:14] DEBUG | root - Connecting s LSHIFT 15 -> w
[2025-02-23 16:32:14] DEBUG | root - Connecting v OR w -> x
[2025-02-23 16:32:14] DEBUG | root - Connecting x RSHIFT 3 -> z
[2025-02-23 16:32:14] DEBUG | root - Some lines are still ignored. Going through instructions with updated wire_dct now.
[2025-02-23 16:32:14] DEBUG | root - Connecting t OR s -> u
[2025-02-23 16:32:14] DEBUG | root - Connecting x RSHIFT 1 -> aq
[2025-02-23 16:32:14] DEBUG | root - Connecting x RSHIFT 5 -> aa
[2025-02-23 16:32:14] DEBUG | root - Connecting x RSHIFT 2 -> y
[2025-02-23 16:32:14] DEBUG | root - Connecting u LSHIFT 1 -> ao
[2025-02-23 16:32:14] DEBUG | root - Connecting z OR aa -> ab
[2025-02-23 16:32:14] DEBUG | root - Connecting z AND aa -> ac
[2025-02-23 16:32:14] DEBUG | root - Some lines are still ignored. Going through instructions with updated wire_dct now.
[2025-02-23 16:32:14] DEBUG | root - Connecting NOT ac -> ad
[2025-02-23 16:32:14] DEBUG | root - Some lines are still ignored. Going through instructions with updated wire_dct now.
[2025-02-23 16:32:14] DEBUG | root - Connecting ab AND ad -> ae
[2025-02-23 16:32:14] DEBUG | root - Connecting y AND ae -> ag
[2025-02-23 16:32:14] DEBUG | root - Connecting y OR ae -> af
[2025-02-23 16:32:14] DEBUG | root - Some lines are still ignored. Going through instructions with updated wire_dct now.
[2025-02-23 16:32:14] DEBUG | root - Connecting NOT ag -> ah
[2025-02-23 16:32:14] DEBUG | root - Some lines are still ignored. Going through instructions with updated wire_dct now.
[2025-02-23 16:32:14] DEBUG | root - Connecting af AND ah -> ai
[2025-02-23 16:32:14] DEBUG | root - Connecting x AND ai -> ak
[2025-02-23 16:32:14] DEBUG | root - Connecting x OR ai -> aj
[2025-02-23 16:32:14] DEBUG | root - Connecting NOT ak -> al
[2025-02-23 16:32:14] DEBUG | root - Connecting aj AND al -> am
[2025-02-23 16:32:14] DEBUG | root - Connecting 1 AND am -> an
[2025-02-23 16:32:14] DEBUG | root - Some lines are still ignored. Going through instructions with updated wire_dct now.
[2025-02-23 16:32:14] DEBUG | root - Connecting ao OR an -> ap
[2025-02-23 16:32:14] DEBUG | root - Connecting ap LSHIFT 1 -> bj
[2025-02-23 16:32:14] DEBUG | root - Connecting an LSHIFT 15 -> ar
[2025-02-23 16:32:14] DEBUG | root - Connecting aq OR ar -> as
[2025-02-23 16:32:14] DEBUG | root - Connecting as RSHIFT 2 -> at
[2025-02-23 16:32:14] DEBUG | root - Connecting as RSHIFT 3 -> au
[2025-02-23 16:32:14] DEBUG | root - Some lines are still ignored. Going through instructions with updated wire_dct now.
[2025-02-23 16:32:14] DEBUG | root - Connecting as RSHIFT 1 -> bl
[2025-02-23 16:32:14] DEBUG | root - Connecting as RSHIFT 5 -> av
[2025-02-23 16:32:14] DEBUG | root - Connecting au OR av -> aw
[2025-02-23 16:32:14] DEBUG | root - Some lines are still ignored. Going through instructions with updated wire_dct now.
[2025-02-23 16:32:14] DEBUG | root - Connecting au AND av -> ax
[2025-02-23 16:32:14] DEBUG | root - Connecting NOT ax -> ay
[2025-02-23 16:32:14] DEBUG | root - Connecting aw AND ay -> az
[2025-02-23 16:32:14] DEBUG | root - Some lines are still ignored. Going through instructions with updated wire_dct now.
[2025-02-23 16:32:14] DEBUG | root - Connecting at AND az -> bb
[2025-02-23 16:32:14] DEBUG | root - Connecting at OR az -> ba
[2025-02-23 16:32:14] DEBUG | root - Connecting NOT bb -> bc
[2025-02-23 16:32:14] DEBUG | root - Some lines are still ignored. Going through instructions with updated wire_dct now.
[2025-02-23 16:32:14] DEBUG | root - Connecting ba AND bc -> bd
[2025-02-23 16:32:14] DEBUG | root - Connecting as OR bd -> be
[2025-02-23 16:32:14] DEBUG | root - Connecting as AND bd -> bf
[2025-02-23 16:32:14] DEBUG | root - Connecting NOT bf -> bg
[2025-02-23 16:32:14] DEBUG | root - Connecting be AND bg -> bh
[2025-02-23 16:32:14] DEBUG | root - Some lines are still ignored. Going through instructions with updated wire_dct now.
[2025-02-23 16:32:14] DEBUG | root - Connecting 1 AND bh -> bi
[2025-02-23 16:32:14] DEBUG | root - Some lines are still ignored. Going through instructions with updated wire_dct now.
[2025-02-23 16:32:14] DEBUG | root - Connecting bi LSHIFT 15 -> bm
[2025-02-23 16:32:14] DEBUG | root - Connecting bl OR bm -> bn
[2025-02-23 16:32:14] DEBUG | root - Connecting bn RSHIFT 2 -> bo
[2025-02-23 16:32:14] DEBUG | root - Connecting bj OR bi -> bk
[2025-02-23 16:32:14] DEBUG | root - Connecting bn RSHIFT 5 -> bq
[2025-02-23 16:32:14] DEBUG | root - Some lines are still ignored. Going through instructions with updated wire_dct now.
[2025-02-23 16:32:14] DEBUG | root - Connecting bn RSHIFT 3 -> bp
[2025-02-23 16:32:14] DEBUG | root - Connecting bk LSHIFT 1 -> ce
[2025-02-23 16:32:14] DEBUG | root - Connecting bn RSHIFT 1 -> cg
[2025-02-23 16:32:14] DEBUG | root - Connecting bp OR bq -> br
[2025-02-23 16:32:14] DEBUG | root - Connecting bp AND bq -> bs
[2025-02-23 16:32:14] DEBUG | root - Some lines are still ignored. Going through instructions with updated wire_dct now.
[2025-02-23 16:32:14] DEBUG | root - Connecting NOT bs -> bt
[2025-02-23 16:32:14] DEBUG | root - Connecting br AND bt -> bu
[2025-02-23 16:32:14] DEBUG | root - Some lines are still ignored. Going through instructions with updated wire_dct now.
[2025-02-23 16:32:14] DEBUG | root - Connecting bo OR bu -> bv
[2025-02-23 16:32:14] DEBUG | root - Connecting bo AND bu -> bw
[2025-02-23 16:32:14] DEBUG | root - Connecting NOT bw -> bx
[2025-02-23 16:32:14] DEBUG | root - Some lines are still ignored. Going through instructions with updated wire_dct now.
[2025-02-23 16:32:14] DEBUG | root - Connecting bv AND bx -> by
[2025-02-23 16:32:14] DEBUG | root - Connecting bn AND by -> ca
[2025-02-23 16:32:14] DEBUG | root - Connecting bn OR by -> bz
[2025-02-23 16:32:14] DEBUG | root - Some lines are still ignored. Going through instructions with updated wire_dct now.
[2025-02-23 16:32:14] DEBUG | root - Connecting NOT ca -> cb
[2025-02-23 16:32:14] DEBUG | root - Some lines are still ignored. Going through instructions with updated wire_dct now.
[2025-02-23 16:32:14] DEBUG | root - Connecting bz AND cb -> cc
[2025-02-23 16:32:14] DEBUG | root - Some lines are still ignored. Going through instructions with updated wire_dct now.
[2025-02-23 16:32:14] DEBUG | root - Connecting 1 AND cc -> cd
[2025-02-23 16:32:14] DEBUG | root - Connecting ce OR cd -> cf
[2025-02-23 16:32:14] DEBUG | root - Connecting cd LSHIFT 15 -> ch
[2025-02-23 16:32:14] DEBUG | root - Connecting cf LSHIFT 1 -> cz
[2025-02-23 16:32:14] DEBUG | root - Some lines are still ignored. Going through instructions with updated wire_dct now.
[2025-02-23 16:32:14] DEBUG | root - Connecting cg OR ch -> ci
[2025-02-23 16:32:14] DEBUG | root - Connecting ci RSHIFT 5 -> cl
[2025-02-23 16:32:14] DEBUG | root - Connecting ci RSHIFT 2 -> cj
[2025-02-23 16:32:14] DEBUG | root - Some lines are still ignored. Going through instructions with updated wire_dct now.
[2025-02-23 16:32:14] DEBUG | root - Connecting ci RSHIFT 3 -> ck
[2025-02-23 16:32:14] DEBUG | root - Connecting ci RSHIFT 1 -> db
[2025-02-23 16:32:14] DEBUG | root - Connecting ck AND cl -> cn
[2025-02-23 16:32:14] DEBUG | root - Connecting ck OR cl -> cm
[2025-02-23 16:32:14] DEBUG | root - Some lines are still ignored. Going through instructions with updated wire_dct now.
[2025-02-23 16:32:14] DEBUG | root - Connecting NOT cn -> co
[2025-02-23 16:32:14] DEBUG | root - Connecting cm AND co -> cp
[2025-02-23 16:32:14] DEBUG | root - Connecting cj OR cp -> cq
[2025-02-23 16:32:14] DEBUG | root - Some lines are still ignored. Going through instructions with updated wire_dct now.
[2025-02-23 16:32:14] DEBUG | root - Connecting cj AND cp -> cr
[2025-02-23 16:32:14] DEBUG | root - Connecting NOT cr -> cs
[2025-02-23 16:32:14] DEBUG | root - Connecting cq AND cs -> ct
[2025-02-23 16:32:14] DEBUG | root - Some lines are still ignored. Going through instructions with updated wire_dct now.
[2025-02-23 16:32:14] DEBUG | root - Connecting ci AND ct -> cv
[2025-02-23 16:32:14] DEBUG | root - Connecting ci OR ct -> cu
[2025-02-23 16:32:14] DEBUG | root - Some lines are still ignored. Going through instructions with updated wire_dct now.
[2025-02-23 16:32:14] DEBUG | root - Connecting NOT cv -> cw
[2025-02-23 16:32:14] DEBUG | root - Connecting cu AND cw -> cx
[2025-02-23 16:32:14] DEBUG | root - Some lines are still ignored. Going through instructions with updated wire_dct now.
[2025-02-23 16:32:14] DEBUG | root - Connecting 1 AND cx -> cy
[2025-02-23 16:32:14] DEBUG | root - Some lines are still ignored. Going through instructions with updated wire_dct now.
[2025-02-23 16:32:14] DEBUG | root - Connecting cy LSHIFT 15 -> dc
[2025-02-23 16:32:14] DEBUG | root - Connecting cz OR cy -> da
[2025-02-23 16:32:14] DEBUG | root - Some lines are still ignored. Going through instructions with updated wire_dct now.
[2025-02-23 16:32:14] DEBUG | root - Connecting db OR dc -> dd
[2025-02-23 16:32:14] DEBUG | root - Connecting da LSHIFT 1 -> du
[2025-02-23 16:32:14] DEBUG | root - Connecting dd RSHIFT 1 -> dw
[2025-02-23 16:32:14] DEBUG | root - Connecting dd RSHIFT 5 -> dg
[2025-02-23 16:32:14] DEBUG | root - Some lines are still ignored. Going through instructions with updated wire_dct now.
[2025-02-23 16:32:14] DEBUG | root - Connecting dd RSHIFT 3 -> df
[2025-02-23 16:32:14] DEBUG | root - Connecting df AND dg -> di
[2025-02-23 16:32:14] DEBUG | root - Connecting dd RSHIFT 2 -> de
[2025-02-23 16:32:14] DEBUG | root - Connecting NOT di -> dj
[2025-02-23 16:32:14] DEBUG | root - Connecting df OR dg -> dh
[2025-02-23 16:32:14] DEBUG | root - Connecting dh AND dj -> dk
[2025-02-23 16:32:14] DEBUG | root - Some lines are still ignored. Going through instructions with updated wire_dct now.
[2025-02-23 16:32:14] DEBUG | root - Connecting de OR dk -> dl
[2025-02-23 16:32:14] DEBUG | root - Connecting de AND dk -> dm
[2025-02-23 16:32:14] DEBUG | root - Some lines are still ignored. Going through instructions with updated wire_dct now.
[2025-02-23 16:32:14] DEBUG | root - Connecting NOT dm -> dn
[2025-02-23 16:32:14] DEBUG | root - Some lines are still ignored. Going through instructions with updated wire_dct now.
[2025-02-23 16:32:14] DEBUG | root - Connecting dl AND dn -> do
[2025-02-23 16:32:14] DEBUG | root - Connecting dd OR do -> dp
[2025-02-23 16:32:14] DEBUG | root - Connecting dd AND do -> dq
[2025-02-23 16:32:14] DEBUG | root - Some lines are still ignored. Going through instructions with updated wire_dct now.
[2025-02-23 16:32:14] DEBUG | root - Connecting NOT dq -> dr
[2025-02-23 16:32:14] DEBUG | root - Connecting dp AND dr -> ds
[2025-02-23 16:32:14] DEBUG | root - Some lines are still ignored. Going through instructions with updated wire_dct now.
[2025-02-23 16:32:14] DEBUG | root - Connecting 1 AND ds -> dt
[2025-02-23 16:32:14] DEBUG | root - Connecting du OR dt -> dv
[2025-02-23 16:32:14] DEBUG | root - Some lines are still ignored. Going through instructions with updated wire_dct now.
[2025-02-23 16:32:14] DEBUG | root - Connecting dt LSHIFT 15 -> dx
[2025-02-23 16:32:14] DEBUG | root - Connecting dv LSHIFT 1 -> ep
[2025-02-23 16:32:14] DEBUG | root - Connecting dw OR dx -> dy
[2025-02-23 16:32:14] DEBUG | root - Some lines are still ignored. Going through instructions with updated wire_dct now.
[2025-02-23 16:32:14] DEBUG | root - Connecting dy RSHIFT 1 -> er
[2025-02-23 16:32:14] DEBUG | root - Connecting dy RSHIFT 2 -> dz
[2025-02-23 16:32:14] DEBUG | root - Connecting dy RSHIFT 5 -> eb
[2025-02-23 16:32:14] DEBUG | root - Connecting dy RSHIFT 3 -> ea
[2025-02-23 16:32:14] DEBUG | root - Connecting ea OR eb -> ec
[2025-02-23 16:32:14] DEBUG | root - Some lines are still ignored. Going through instructions with updated wire_dct now.
[2025-02-23 16:32:14] DEBUG | root - Connecting ea AND eb -> ed
[2025-02-23 16:32:14] DEBUG | root - Connecting NOT ed -> ee
[2025-02-23 16:32:14] DEBUG | root - Some lines are still ignored. Going through instructions with updated wire_dct now.
[2025-02-23 16:32:14] DEBUG | root - Connecting ec AND ee -> ef
[2025-02-23 16:32:14] DEBUG | root - Connecting dz AND ef -> eh
[2025-02-23 16:32:14] DEBUG | root - Connecting NOT eh -> ei
[2025-02-23 16:32:14] DEBUG | root - Some lines are still ignored. Going through instructions with updated wire_dct now.
[2025-02-23 16:32:14] DEBUG | root - Connecting dz OR ef -> eg
[2025-02-23 16:32:14] DEBUG | root - Connecting eg AND ei -> ej
[2025-02-23 16:32:14] DEBUG | root - Connecting dy AND ej -> el
[2025-02-23 16:32:14] DEBUG | root - Some lines are still ignored. Going through instructions with updated wire_dct now.
[2025-02-23 16:32:14] DEBUG | root - Connecting NOT el -> em
[2025-02-23 16:32:14] DEBUG | root - Connecting dy OR ej -> ek
[2025-02-23 16:32:14] DEBUG | root - Connecting ek AND em -> en
[2025-02-23 16:32:14] DEBUG | root - Some lines are still ignored. Going through instructions with updated wire_dct now.
[2025-02-23 16:32:14] DEBUG | root - Connecting 1 AND en -> eo
[2025-02-23 16:32:14] DEBUG | root - Connecting ep OR eo -> eq
[2025-02-23 16:32:14] DEBUG | root - Some lines are still ignored. Going through instructions with updated wire_dct now.
[2025-02-23 16:32:14] DEBUG | root - Connecting eo LSHIFT 15 -> es
[2025-02-23 16:32:14] DEBUG | root - Connecting er OR es -> et
[2025-02-23 16:32:14] DEBUG | root - Connecting et RSHIFT 5 -> ew
[2025-02-23 16:32:14] DEBUG | root - Connecting et RSHIFT 3 -> ev
[2025-02-23 16:32:14] DEBUG | root - Connecting ev OR ew -> ex
[2025-02-23 16:32:14] DEBUG | root - Connecting ev AND ew -> ey
[2025-02-23 16:32:14] DEBUG | root - Connecting eq LSHIFT 1 -> fk
[2025-02-23 16:32:14] DEBUG | root - Some lines are still ignored. Going through instructions with updated wire_dct now.
[2025-02-23 16:32:14] DEBUG | root - Connecting et RSHIFT 2 -> eu
[2025-02-23 16:32:14] DEBUG | root - Connecting et RSHIFT 1 -> fm
[2025-02-23 16:32:14] DEBUG | root - Connecting NOT ey -> ez
[2025-02-23 16:32:14] DEBUG | root - Connecting ex AND ez -> fa
[2025-02-23 16:32:14] DEBUG | root - Some lines are still ignored. Going through instructions with updated wire_dct now.
[2025-02-23 16:32:14] DEBUG | root - Connecting eu AND fa -> fc
[2025-02-23 16:32:14] DEBUG | root - Connecting eu OR fa -> fb
[2025-02-23 16:32:14] DEBUG | root - Connecting NOT fc -> fd
[2025-02-23 16:32:14] DEBUG | root - Connecting fb AND fd -> fe
[2025-02-23 16:32:14] DEBUG | root - Some lines are still ignored. Going through instructions with updated wire_dct now.
[2025-02-23 16:32:14] DEBUG | root - Connecting et OR fe -> ff
[2025-02-23 16:32:14] DEBUG | root - Connecting et AND fe -> fg
[2025-02-23 16:32:14] DEBUG | root - Connecting NOT fg -> fh
[2025-02-23 16:32:14] DEBUG | root - Connecting ff AND fh -> fi
[2025-02-23 16:32:14] DEBUG | root - Some lines are still ignored. Going through instructions with updated wire_dct now.
[2025-02-23 16:32:14] DEBUG | root - Connecting 1 AND fi -> fj
[2025-02-23 16:32:14] DEBUG | root - Connecting fk OR fj -> fl
[2025-02-23 16:32:14] DEBUG | root - Some lines are still ignored. Going through instructions with updated wire_dct now.
[2025-02-23 16:32:14] DEBUG | root - Connecting fj LSHIFT 15 -> fn
[2025-02-23 16:32:14] DEBUG | root - Connecting fl LSHIFT 1 -> gf
[2025-02-23 16:32:14] DEBUG | root - Connecting fm OR fn -> fo
[2025-02-23 16:32:14] DEBUG | root - Connecting fo RSHIFT 1 -> gh
[2025-02-23 16:32:14] DEBUG | root - Connecting fo RSHIFT 5 -> fr
[2025-02-23 16:32:14] DEBUG | root - Some lines are still ignored. Going through instructions with updated wire_dct now.
[2025-02-23 16:32:14] DEBUG | root - Connecting fo RSHIFT 2 -> fp
[2025-02-23 16:32:14] DEBUG | root - Connecting fo RSHIFT 3 -> fq
[2025-02-23 16:32:14] DEBUG | root - Connecting fq OR fr -> fs
[2025-02-23 16:32:14] DEBUG | root - Some lines are still ignored. Going through instructions with updated wire_dct now.
[2025-02-23 16:32:14] DEBUG | root - Connecting fq AND fr -> ft
[2025-02-23 16:32:14] DEBUG | root - Some lines are still ignored. Going through instructions with updated wire_dct now.
[2025-02-23 16:32:14] DEBUG | root - Connecting NOT ft -> fu
[2025-02-23 16:32:14] DEBUG | root - Some lines are still ignored. Going through instructions with updated wire_dct now.
[2025-02-23 16:32:14] DEBUG | root - Connecting fs AND fu -> fv
[2025-02-23 16:32:14] DEBUG | root - Connecting fp AND fv -> fx
[2025-02-23 16:32:14] DEBUG | root - Connecting fp OR fv -> fw
[2025-02-23 16:32:14] DEBUG | root - Some lines are still ignored. Going through instructions with updated wire_dct now.
[2025-02-23 16:32:14] DEBUG | root - Connecting NOT fx -> fy
[2025-02-23 16:32:14] DEBUG | root - Connecting fw AND fy -> fz
[2025-02-23 16:32:14] DEBUG | root - Connecting fo AND fz -> gb
[2025-02-23 16:32:14] DEBUG | root - Some lines are still ignored. Going through instructions with updated wire_dct now.
[2025-02-23 16:32:14] DEBUG | root - Connecting NOT gb -> gc
[2025-02-23 16:32:14] DEBUG | root - Connecting fo OR fz -> ga
[2025-02-23 16:32:14] DEBUG | root - Connecting ga AND gc -> gd
[2025-02-23 16:32:14] DEBUG | root - Connecting 1 AND gd -> ge
[2025-02-23 16:32:14] DEBUG | root - Some lines are still ignored. Going through instructions with updated wire_dct now.
[2025-02-23 16:32:14] DEBUG | root - Connecting gf OR ge -> gg
[2025-02-23 16:32:14] DEBUG | root - Connecting ge LSHIFT 15 -> gi
[2025-02-23 16:32:14] DEBUG | root - Connecting gg LSHIFT 1 -> ha
[2025-02-23 16:32:14] DEBUG | root - Connecting gh OR gi -> gj
[2025-02-23 16:32:14] DEBUG | root - Some lines are still ignored. Going through instructions with updated wire_dct now.
[2025-02-23 16:32:14] DEBUG | root - Connecting gj RSHIFT 1 -> hc
[2025-02-23 16:32:14] DEBUG | root - Connecting gj RSHIFT 5 -> gm
[2025-02-23 16:32:14] DEBUG | root - Connecting gj RSHIFT 2 -> gk
[2025-02-23 16:32:14] DEBUG | root - Connecting gj RSHIFT 3 -> gl
[2025-02-23 16:32:14] DEBUG | root - Some lines are still ignored. Going through instructions with updated wire_dct now.
[2025-02-23 16:32:14] DEBUG | root - Connecting gl OR gm -> gn
[2025-02-23 16:32:14] DEBUG | root - Connecting gl AND gm -> go
[2025-02-23 16:32:14] DEBUG | root - Some lines are still ignored. Going through instructions with updated wire_dct now.
[2025-02-23 16:32:14] DEBUG | root - Connecting NOT go -> gp
[2025-02-23 16:32:14] DEBUG | root - Connecting gn AND gp -> gq
[2025-02-23 16:32:14] DEBUG | root - Connecting gk OR gq -> gr
[2025-02-23 16:32:14] DEBUG | root - Connecting gk AND gq -> gs
[2025-02-23 16:32:14] DEBUG | root - Connecting NOT gs -> gt
[2025-02-23 16:32:14] DEBUG | root - Some lines are still ignored. Going through instructions with updated wire_dct now.
[2025-02-23 16:32:14] DEBUG | root - Connecting gr AND gt -> gu
[2025-02-23 16:32:14] DEBUG | root - Connecting gj AND gu -> gw
[2025-02-23 16:32:14] DEBUG | root - Connecting gj OR gu -> gv
[2025-02-23 16:32:14] DEBUG | root - Some lines are still ignored. Going through instructions with updated wire_dct now.
[2025-02-23 16:32:14] DEBUG | root - Connecting NOT gw -> gx
[2025-02-23 16:32:14] DEBUG | root - Connecting gv AND gx -> gy
[2025-02-23 16:32:14] DEBUG | root - Some lines are still ignored. Going through instructions with updated wire_dct now.
[2025-02-23 16:32:14] DEBUG | root - Connecting 1 AND gy -> gz
[2025-02-23 16:32:14] DEBUG | root - Some lines are still ignored. Going through instructions with updated wire_dct now.
[2025-02-23 16:32:14] DEBUG | root - Connecting gz LSHIFT 15 -> hd
[2025-02-23 16:32:14] DEBUG | root - Connecting ha OR gz -> hb
[2025-02-23 16:32:14] DEBUG | root - Connecting hc OR hd -> he
[2025-02-23 16:32:14] DEBUG | root - Connecting he RSHIFT 3 -> hg
[2025-02-23 16:32:14] DEBUG | root - Connecting he RSHIFT 2 -> hf
[2025-02-23 16:32:14] DEBUG | root - Connecting he RSHIFT 1 -> hx
[2025-02-23 16:32:14] DEBUG | root - Connecting hb LSHIFT 1 -> hv
[2025-02-23 16:32:14] DEBUG | root - Connecting he RSHIFT 5 -> hh
[2025-02-23 16:32:14] DEBUG | root - Some lines are still ignored. Going through instructions with updated wire_dct now.
[2025-02-23 16:32:14] DEBUG | root - Connecting hg OR hh -> hi
[2025-02-23 16:32:14] DEBUG | root - Connecting hg AND hh -> hj
[2025-02-23 16:32:14] DEBUG | root - Some lines are still ignored. Going through instructions with updated wire_dct now.
[2025-02-23 16:32:14] DEBUG | root - Connecting NOT hj -> hk
[2025-02-23 16:32:14] DEBUG | root - Some lines are still ignored. Going through instructions with updated wire_dct now.
[2025-02-23 16:32:14] DEBUG | root - Connecting hi AND hk -> hl
[2025-02-23 16:32:14] DEBUG | root - Connecting hf OR hl -> hm
[2025-02-23 16:32:14] DEBUG | root - Connecting hf AND hl -> hn
[2025-02-23 16:32:14] DEBUG | root - Connecting NOT hn -> ho
[2025-02-23 16:32:14] DEBUG | root - Some lines are still ignored. Going through instructions with updated wire_dct now.
[2025-02-23 16:32:14] DEBUG | root - Connecting hm AND ho -> hp
[2025-02-23 16:32:14] DEBUG | root - Connecting he OR hp -> hq
[2025-02-23 16:32:14] DEBUG | root - Connecting he AND hp -> hr
[2025-02-23 16:32:14] DEBUG | root - Some lines are still ignored. Going through instructions with updated wire_dct now.
[2025-02-23 16:32:14] DEBUG | root - Connecting NOT hr -> hs
[2025-02-23 16:32:14] DEBUG | root - Some lines are still ignored. Going through instructions with updated wire_dct now.
[2025-02-23 16:32:14] DEBUG | root - Connecting hq AND hs -> ht
[2025-02-23 16:32:14] DEBUG | root - Connecting 1 AND ht -> hu
[2025-02-23 16:32:14] DEBUG | root - Some lines are still ignored. Going through instructions with updated wire_dct now.
[2025-02-23 16:32:14] DEBUG | root - Connecting hv OR hu -> hw
[2025-02-23 16:32:14] DEBUG | root - Connecting hu LSHIFT 15 -> hy
[2025-02-23 16:32:14] DEBUG | root - Connecting hw LSHIFT 1 -> iq
[2025-02-23 16:32:14] DEBUG | root - Connecting hx OR hy -> hz
[2025-02-23 16:32:14] DEBUG | root - Connecting hz RSHIFT 5 -> ic
[2025-02-23 16:32:14] DEBUG | root - Some lines are still ignored. Going through instructions with updated wire_dct now.
[2025-02-23 16:32:14] DEBUG | root - Connecting hz RSHIFT 2 -> ia
[2025-02-23 16:32:14] DEBUG | root - Connecting hz RSHIFT 3 -> ib
[2025-02-23 16:32:14] DEBUG | root - Connecting hz RSHIFT 1 -> is
[2025-02-23 16:32:14] DEBUG | root - Connecting ib OR ic -> id
[2025-02-23 16:32:14] DEBUG | root - Connecting ib AND ic -> ie
[2025-02-23 16:32:14] DEBUG | root - Connecting NOT ie -> if
[2025-02-23 16:32:14] DEBUG | root - Some lines are still ignored. Going through instructions with updated wire_dct now.
[2025-02-23 16:32:14] DEBUG | root - Connecting id AND if -> ig
[2025-02-23 16:32:14] DEBUG | root - Connecting ia OR ig -> ih
[2025-02-23 16:32:14] DEBUG | root - Some lines are still ignored. Going through instructions with updated wire_dct now.
[2025-02-23 16:32:14] DEBUG | root - Connecting ia AND ig -> ii
[2025-02-23 16:32:14] DEBUG | root - Some lines are still ignored. Going through instructions with updated wire_dct now.
[2025-02-23 16:32:14] DEBUG | root - Connecting NOT ii -> ij
[2025-02-23 16:32:14] DEBUG | root - Connecting ih AND ij -> ik
[2025-02-23 16:32:14] DEBUG | root - Connecting hz OR ik -> il
[2025-02-23 16:32:14] DEBUG | root - Connecting hz AND ik -> im
[2025-02-23 16:32:14] DEBUG | root - Some lines are still ignored. Going through instructions with updated wire_dct now.
[2025-02-23 16:32:14] DEBUG | root - Connecting NOT im -> in
[2025-02-23 16:32:14] DEBUG | root - Some lines are still ignored. Going through instructions with updated wire_dct now.
[2025-02-23 16:32:14] DEBUG | root - Connecting il AND in -> io
[2025-02-23 16:32:14] DEBUG | root - Some lines are still ignored. Going through instructions with updated wire_dct now.
[2025-02-23 16:32:14] DEBUG | root - Connecting 1 AND io -> ip
[2025-02-23 16:32:14] DEBUG | root - Connecting iq OR ip -> ir
[2025-02-23 16:32:14] DEBUG | root - Some lines are still ignored. Going through instructions with updated wire_dct now.
[2025-02-23 16:32:14] DEBUG | root - Connecting ip LSHIFT 15 -> it
[2025-02-23 16:32:14] DEBUG | root - Connecting ir LSHIFT 1 -> jl
[2025-02-23 16:32:14] DEBUG | root - Some lines are still ignored. Going through instructions with updated wire_dct now.
[2025-02-23 16:32:14] DEBUG | root - Connecting is OR it -> iu
[2025-02-23 16:32:14] DEBUG | root - Connecting iu RSHIFT 3 -> iw
[2025-02-23 16:32:14] DEBUG | root - Connecting iu RSHIFT 2 -> iv
[2025-02-23 16:32:14] DEBUG | root - Connecting iu RSHIFT 5 -> ix
[2025-02-23 16:32:14] DEBUG | root - Connecting iw AND ix -> iz
[2025-02-23 16:32:14] DEBUG | root - Some lines are still ignored. Going through instructions with updated wire_dct now.
[2025-02-23 16:32:14] DEBUG | root - Connecting iu RSHIFT 1 -> jn
[2025-02-23 16:32:14] DEBUG | root - Connecting NOT iz -> ja
[2025-02-23 16:32:14] DEBUG | root - Connecting iw OR ix -> iy
[2025-02-23 16:32:14] DEBUG | root - Connecting iy AND ja -> jb
[2025-02-23 16:32:14] DEBUG | root - Connecting iv AND jb -> jd
[2025-02-23 16:32:14] DEBUG | root - Some lines are still ignored. Going through instructions with updated wire_dct now.
[2025-02-23 16:32:14] DEBUG | root - Connecting iv OR jb -> jc
[2025-02-23 16:32:14] DEBUG | root - Connecting NOT jd -> je
[2025-02-23 16:32:14] DEBUG | root - Connecting jc AND je -> jf
[2025-02-23 16:32:14] DEBUG | root - Some lines are still ignored. Going through instructions with updated wire_dct now.
[2025-02-23 16:32:14] DEBUG | root - Connecting iu AND jf -> jh
[2025-02-23 16:32:14] DEBUG | root - Connecting iu OR jf -> jg
[2025-02-23 16:32:14] DEBUG | root - Some lines are still ignored. Going through instructions with updated wire_dct now.
[2025-02-23 16:32:14] DEBUG | root - Connecting NOT jh -> ji
[2025-02-23 16:32:14] DEBUG | root - Connecting jg AND ji -> jj
[2025-02-23 16:32:14] DEBUG | root - Some lines are still ignored. Going through instructions with updated wire_dct now.
[2025-02-23 16:32:14] DEBUG | root - Connecting 1 AND jj -> jk
[2025-02-23 16:32:14] DEBUG | root - Connecting jk LSHIFT 15 -> jo
[2025-02-23 16:32:14] DEBUG | root - Connecting jn OR jo -> jp
[2025-02-23 16:32:14] DEBUG | root - Connecting jp RSHIFT 1 -> ki
[2025-02-23 16:32:14] DEBUG | root - Connecting jp RSHIFT 3 -> jr
[2025-02-23 16:32:14] DEBUG | root - Connecting jl OR jk -> jm
[2025-02-23 16:32:14] DEBUG | root - Some lines are still ignored. Going through instructions with updated wire_dct now.
[2025-02-23 16:32:14] DEBUG | root - Connecting jm LSHIFT 1 -> kg
[2025-02-23 16:32:14] DEBUG | root - Connecting jp RSHIFT 2 -> jq
[2025-02-23 16:32:14] DEBUG | root - Connecting jp RSHIFT 5 -> js
[2025-02-23 16:32:14] DEBUG | root - Connecting jr AND js -> ju
[2025-02-23 16:32:14] DEBUG | root - Connecting NOT ju -> jv
[2025-02-23 16:32:14] DEBUG | root - Connecting jr OR js -> jt
[2025-02-23 16:32:14] DEBUG | root - Some lines are still ignored. Going through instructions with updated wire_dct now.
[2025-02-23 16:32:14] DEBUG | root - Connecting jt AND jv -> jw
[2025-02-23 16:32:14] DEBUG | root - Some lines are still ignored. Going through instructions with updated wire_dct now.
[2025-02-23 16:32:14] DEBUG | root - Connecting jq OR jw -> jx
[2025-02-23 16:32:14] DEBUG | root - Connecting jq AND jw -> jy
[2025-02-23 16:32:14] DEBUG | root - Some lines are still ignored. Going through instructions with updated wire_dct now.
[2025-02-23 16:32:14] DEBUG | root - Connecting NOT jy -> jz
[2025-02-23 16:32:14] DEBUG | root - Some lines are still ignored. Going through instructions with updated wire_dct now.
[2025-02-23 16:32:14] DEBUG | root - Connecting jx AND jz -> ka
[2025-02-23 16:32:14] DEBUG | root - Some lines are still ignored. Going through instructions with updated wire_dct now.
[2025-02-23 16:32:14] DEBUG | root - Connecting jp OR ka -> kb
[2025-02-23 16:32:14] DEBUG | root - Connecting jp AND ka -> kc
[2025-02-23 16:32:14] DEBUG | root - Connecting NOT kc -> kd
[2025-02-23 16:32:14] DEBUG | root - Some lines are still ignored. Going through instructions with updated wire_dct now.
[2025-02-23 16:32:14] DEBUG | root - Connecting kb AND kd -> ke
[2025-02-23 16:32:14] DEBUG | root - Connecting 1 AND ke -> kf
[2025-02-23 16:32:14] DEBUG | root - Connecting kf LSHIFT 15 -> kj
[2025-02-23 16:32:14] DEBUG | root - Some lines are still ignored. Going through instructions with updated wire_dct now.
[2025-02-23 16:32:14] DEBUG | root - Connecting kg OR kf -> kh
[2025-02-23 16:32:14] DEBUG | root - Connecting ki OR kj -> kk
[2025-02-23 16:32:14] DEBUG | root - Connecting kk RSHIFT 5 -> kn
[2025-02-23 16:32:14] DEBUG | root - Connecting kk RSHIFT 1 -> ld
[2025-02-23 16:32:14] DEBUG | root - Some lines are still ignored. Going through instructions with updated wire_dct now.
[2025-02-23 16:32:14] DEBUG | root - Connecting kh LSHIFT 1 -> lb
[2025-02-23 16:32:14] DEBUG | root - Connecting kk RSHIFT 2 -> kl
[2025-02-23 16:32:14] DEBUG | root - Connecting kk RSHIFT 3 -> km
[2025-02-23 16:32:14] DEBUG | root - Connecting km OR kn -> ko
[2025-02-23 16:32:14] DEBUG | root - Some lines are still ignored. Going through instructions with updated wire_dct now.
[2025-02-23 16:32:14] DEBUG | root - Connecting km AND kn -> kp
[2025-02-23 16:32:14] DEBUG | root - Connecting NOT kp -> kq
[2025-02-23 16:32:14] DEBUG | root - Some lines are still ignored. Going through instructions with updated wire_dct now.
[2025-02-23 16:32:14] DEBUG | root - Connecting ko AND kq -> kr
[2025-02-23 16:32:14] DEBUG | root - Connecting kl AND kr -> kt
[2025-02-23 16:32:14] DEBUG | root - Some lines are still ignored. Going through instructions with updated wire_dct now.
[2025-02-23 16:32:14] DEBUG | root - Connecting NOT kt -> ku
[2025-02-23 16:32:14] DEBUG | root - Connecting kl OR kr -> ks
[2025-02-23 16:32:14] DEBUG | root - Connecting ks AND ku -> kv
[2025-02-23 16:32:14] DEBUG | root - Some lines are still ignored. Going through instructions with updated wire_dct now.
[2025-02-23 16:32:14] DEBUG | root - Connecting kk AND kv -> kx
[2025-02-23 16:32:14] DEBUG | root - Connecting kk OR kv -> kw
[2025-02-23 16:32:14] DEBUG | root - Some lines are still ignored. Going through instructions with updated wire_dct now.
[2025-02-23 16:32:14] DEBUG | root - Connecting NOT kx -> ky
[2025-02-23 16:32:14] DEBUG | root - Connecting kw AND ky -> kz
[2025-02-23 16:32:14] DEBUG | root - Some lines are still ignored. Going through instructions with updated wire_dct now.
[2025-02-23 16:32:14] DEBUG | root - Connecting 1 AND kz -> la
[2025-02-23 16:32:14] DEBUG | root - Connecting la LSHIFT 15 -> le
[2025-02-23 16:32:14] DEBUG | root - Some lines are still ignored. Going through instructions with updated wire_dct now.
[2025-02-23 16:32:14] DEBUG | root - Connecting ld OR le -> lf
[2025-02-23 16:32:14] DEBUG | root - Connecting lf RSHIFT 3 -> lh
[2025-02-23 16:32:14] DEBUG | root - Connecting lf RSHIFT 5 -> li
[2025-02-23 16:32:14] DEBUG | root - Connecting lh AND li -> lk
[2025-02-23 16:32:14] DEBUG | root - Connecting NOT lk -> ll
[2025-02-23 16:32:14] DEBUG | root - Connecting lh OR li -> lj
[2025-02-23 16:32:14] DEBUG | root - Connecting lb OR la -> lc
[2025-02-23 16:32:14] DEBUG | root - Connecting lf RSHIFT 1 -> ly
[2025-02-23 16:32:14] DEBUG | root - Connecting lc LSHIFT 1 -> lw
[2025-02-23 16:32:14] DEBUG | root - Some lines are still ignored. Going through instructions with updated wire_dct now.
[2025-02-23 16:32:14] DEBUG | root - Connecting lf RSHIFT 2 -> lg
[2025-02-23 16:32:14] DEBUG | root - Connecting lj AND ll -> lm
[2025-02-23 16:32:14] DEBUG | root - Connecting lg OR lm -> ln
[2025-02-23 16:32:14] DEBUG | root - Connecting lg AND lm -> lo
[2025-02-23 16:32:14] DEBUG | root - Connecting NOT lo -> lp
[2025-02-23 16:32:14] DEBUG | root - Some lines are still ignored. Going through instructions with updated wire_dct now.
[2025-02-23 16:32:14] DEBUG | root - Connecting ln AND lp -> lq
[2025-02-23 16:32:14] DEBUG | root - Connecting lf OR lq -> lr
[2025-02-23 16:32:14] DEBUG | root - Some lines are still ignored. Going through instructions with updated wire_dct now.
[2025-02-23 16:32:14] DEBUG | root - Connecting lf AND lq -> ls
[2025-02-23 16:32:14] DEBUG | root - Connecting NOT ls -> lt
[2025-02-23 16:32:14] DEBUG | root - Connecting lr AND lt -> lu
[2025-02-23 16:32:14] DEBUG | root - Connecting 1 AND lu -> lv
[2025-02-23 16:32:14] DEBUG | root - Some lines are still ignored. Going through instructions with updated wire_dct now.
[2025-02-23 16:32:14] DEBUG | root - Connecting lv LSHIFT 15 -> lz
[2025-02-23 16:32:14] DEBUG | root - Connecting lw OR lv -> lx
[2025-02-23 16:32:14] DEBUG | root - Some lines are still ignored. Going through instructions with updated wire_dct now.
[2025-02-23 16:32:14] DEBUG | root - Connecting ly OR lz -> ma
[2025-02-23 16:32:14] DEBUG | root - Connecting lx -> a
[2025-02-23 16:32:14] DEBUG | root - FINAL wire_dct: {'b': 16076, 'c': 0, 't': 0, 'v': 8038, 'f': 502, 'd': 4019, 'e': 2009, 'h': 464, 'i': -465, 'g': 2047, 'j': 1583, 'k': 4031, 'l': 1571, 'm': -1572, 'n': 2460, 'p': 2188, 'q': -2189, 'o': 16348, 'r': 14160, 's': 0, 'w': 0, 'x': 8038, 'z': 1004, 'u': 0, 'aq': 4019, 'aa': 251, 'y': 2009, 'ao': 0, 'ab': 1023, 'ac': 232, 'ad': -233, 'ae': 791, 'ag': 785, 'af': 2015, 'ah': -786, 'ai': 1230, 'ak': 1094, 'aj': 8174, 'al': -1095, 'am': 7080, 'an': 0, 'ap': 0, 'bj': 0, 'ar': 0, 'as': 4019, 'at': 1004, 'au': 502, 'bl': 2009, 'av': 125, 'aw': 511, 'ax': 116, 'ay': -117, 'az': 395, 'bb': 392, 'ba': 1007, 'bc': -393, 'bd': 615, 'be': 4087, 'bf': 547, 'bg': -548, 'bh': 3540, 'bi': 0, 'bm': 0, 'bn': 2009, 'bo': 502, 'bk': 0, 'bq': 62, 'bp': 251, 'ce': 0, 'cg': 1004, 'br': 255, 'bs': 58, 'bt': -59, 'bu': 197, 'bv': 503, 'bw': 196, 'bx': -197, 'by': 307, 'ca': 273, 'bz': 2043, 'cb': -274, 'cc': 1770, 'cd': 0, 'cf': 0, 'ch': 0, 'cz': 0, 'ci': 1004, 'cl': 31, 'cj': 251, 'ck': 125, 'db': 502, 'cn': 29, 'cm': 127, 'co': -30, 'cp': 98, 'cq': 251, 'cr': 98, 'cs': -99, 'ct': 153, 'cv': 136, 'cu': 1021, 'cw': -137, 'cx': 885, 'cy': 1, 'dc': 32768, 'da': 1, 'dd': 33270, 'du': 2, 'dw': 16635, 'dg': 1039, 'df': 4158, 'di': 14, 'de': 8317, 'dj': -15, 'dh': 5183, 'dk': 5169, 'dl': 13437, 'dm': 49, 'dn': -50, 'do': 13388, 'dp': 46590, 'dq': 68, 'dr': -69, 'ds': 46522, 'dt': 0, 'dv': 2, 'dx': 0, 'ep': 4, 'dy': 16635, 'er': 8317, 'dz': 4158, 'eb': 519, 'ea': 2079, 'ec': 2591, 'ed': 7, 'ee': -8, 'ef': 2584, 'eh': 24, 'ei': -25, 'eg': 6718, 'ej': 6694, 'el': 34, 'em': -35, 'ek': 23295, 'en': 23261, 'eo': 1, 'eq': 5, 'es': 32768, 'et': 41085, 'ew': 1283, 'ev': 5135, 'ex': 5391, 'ey': 1027, 'fk': 10, 'eu': 10271, 'fm': 20542, 'ez': -1028, 'fa': 4364, 'fc': 12, 'fb': 14623, 'fd': -13, 'fe': 14611, 'ff': 47487, 'fg': 8209, 'fh': -8210, 'fi': 39278, 'fj': 0, 'fl': 10, 'fn': 0, 'gf': 20, 'fo': 20542, 'gh': 10271, 'fr': 641, 'fp': 5135, 'fq': 2567, 'fs': 2695, 'ft': 513, 'fu': -514, 'fv': 2182, 'fx': 6, 'fw': 7311, 'fy': -7, 'fz': 7305, 'gb': 4104, 'gc': -4105, 'ga': 23743, 'gd': 19639, 'ge': 1, 'gg': 21, 'gi': 32768, 'ha': 42, 'gj': 43039, 'hc': 21519, 'gm': 1344, 'gk': 10759, 'gl': 5379, 'gn': 5443, 'go': 1280, 'gp': -1281, 'gq': 4163, 'gr': 14919, 'gs': 3, 'gt': -4, 'gu': 14916, 'gw': 10244, 'gv': 47711, 'gx': -10245, 'gy': 37467, 'gz': 1, 'hd': 32768, 'hb': 43, 'he': 54287, 'hg': 6785, 'hf': 13571, 'hx': 27143, 'hv': 86, 'hh': 1696, 'hi': 7841, 'hj': 640, 'hk': -641, 'hl': 7201, 'hm': 15651, 'hn': 5121, 'ho': -5122, 'hp': 10530, 'hq': 64815, 'hr': 2, 'hs': -3, 'ht': 64813, 'hu': 1, 'hw': 87, 'hy': 32768, 'iq': 174, 'hz': 59911, 'ic': 1872, 'ia': 14977, 'ib': 7488, 'is': 29955, 'id': 8016, 'ie': 1344, 'if': -1345, 'ig': 6672, 'ih': 14993, 'ii': 6656, 'ij': -6657, 'ik': 8337, 'il': 60055, 'im': 8193, 'in': -8194, 'io': 51862, 'ip': 0, 'ir': 174, 'it': 0, 'jl': 348, 'iu': 29955, 'iw': 3744, 'iv': 7488, 'ix': 936, 'iz': 672, 'jn': 14977, 'ja': -673, 'iy': 4008, 'jb': 3336, 'jd': 3328, 'jc': 7496, 'je': -3329, 'jf': 4168, 'jh': 4096, 'jg': 30027, 'ji': -4097, 'jj': 25931, 'jk': 1, 'jo': 32768, 'jp': 47745, 'ki': 23872, 'jr': 5968, 'jm': 349, 'kg': 698, 'jq': 11936, 'js': 1492, 'ju': 1360, 'jv': -1361, 'jt': 6100, 'jw': 4740, 'jx': 16036, 'jy': 640, 'jz': -641, 'ka': 15396, 'kb': 48805, 'kc': 14336, 'kd': -14337, 'ke': 34469, 'kf': 1, 'kj': 32768, 'kh': 699, 'kk': 56640, 'kn': 1770, 'ld': 28320, 'lb': 1398, 'kl': 14160, 'km': 7080, 'ko': 8170, 'kp': 680, 'kq': -681, 'kr': 7490, 'kt': 5440, 'ku': -5441, 'ks': 16210, 'kv': 10770, 'kx': 2048, 'kw': 65362, 'ky': -2049, 'kz': 63314, 'la': 0, 'le': 0, 'lf': 28320, 'lh': 3540, 'li': 885, 'lk': 340, 'll': -341, 'lj': 4085, 'lc': 1398, 'ly': 14160, 'lw': 2796, 'lg': 7080, 'lm': 3745, 'ln': 8105, 'lo': 2720, 'lp': -2721, 'lq': 5385, 'lr': 32681, 'ls': 1024, 'lt': -1025, 'lu': 31657, 'lv': 1, 'lz': 32768, 'lx': 2797, 'ma': 46928, 'a': 2797}
